#
# A fatal error has been detected by the Java Runtime Environment:
#
#  EXCEPTION_ACCESS_VIOLATION (0xc0000005) at pc=0x000000006ca614d4, pid=6160, tid=6840
#
# JRE version: Java(TM) SE Runtime Environment (8.0_91-b14) (build 1.8.0_91-b14)
# Java VM: Java HotSpot(TM) 64-Bit Server VM (25.91-b14 mixed mode windows-amd64 compressed oops)
# Problematic frame:
# V  [jvm.dll+0x4614d4]
#
# Failed to write core dump. Minidumps are not enabled by default on client versions of Windows
#
# If you would like to submit a bug report, please visit:
#   http://bugreport.java.com/bugreport/crash.jsp
#

---------------  T H R E A D  ---------------

Current thread (0x0000000056565000):  JavaThread "C2 CompilerThread0" daemon [_thread_in_native, id=6840, stack(0x0000000056970000,0x0000000056a70000)]

siginfo: ExceptionCode=0xc0000005, reading address 0x000000020a701010

Registers:
RAX=0x0000000057579af0, RBX=0x000000005801d0a0, RCX=0x000000005775b818, RDX=0x000000006cc61d48
RSP=0x0000000056a6c400, RBP=0x0000000058133b70, RSI=0x0000000058124870, RDI=0x00000000574b8c38
R8 =0x00000000ffffffff, R9 =0x0000000000000001, R10=0x000000000000003a, R11=0x0000000000000040
R12=0x0000000056a6c810, R13=0x0000000000000000, R14=0x0000000000000088, R15=0x0000000000000011
RIP=0x000000006ca614d4, EFLAGS=0x0000000000010297

Top of Stack: (sp=0x0000000056a6c400)
0x0000000056a6c400:   0000000058124870 000000005801d0a0
0x0000000056a6c410:   00000000574b8c38 ffffffffffffffff
0x0000000056a6c420:   00000017000001d7 00000000574b8c38
0x0000000056a6c430:   0000000000000048 00000000000001d7
0x0000000056a6c440:   0000000000000000 0000000000000000
0x0000000056a6c450:   0000000056a6c520 00000000000003d8
0x0000000056a6c460:   0000000056584af8 0000000056584720
0x0000000056a6c470:   0000000056a6c5a0 0000000000000000
0x0000000056a6c480:   0000000056a6c810 0000000056584710
0x0000000056a6c490:   0000000056a6c920 000000006ca64489
0x0000000056a6c4a0:   0000000056a6c810 0000000056a6c501
0x0000000056a6c4b0:   00000000ffffffff 0000000000000009
0x0000000056a6c4c0:   0000000000000002 0000000056584710
0x0000000056a6c4d0:   0000000057ff8e30 0000000058030a50
0x0000000056a6c4e0:   0000000058030a50 0000000000087a48
0x0000000056a6c4f0:   0000000000000002 0000000056584320 

Instructions: (pc=0x000000006ca614d4)
0x000000006ca614b4:   00 00 49 c1 e6 03 66 0f 1f 44 00 00 48 8b 46 08
0x000000006ca614c4:   49 8b 0c 06 49 8b 84 24 28 01 00 00 48 63 51 28
0x000000006ca614d4:   8b 1c 90 85 db 0f 84 c0 01 00 00 45 84 c9 74 11
0x000000006ca614e4:   45 3b c7 75 0c 48 8b 06 48 8b ce ff 90 e0 00 00 


Register to memory mapping:

RAX=0x0000000057579af0 is an unknown value
RBX=0x000000005801d0a0 is an unknown value
RCX=0x000000005775b818 is an unknown value
RDX=0x000000006cc61d48 is an unknown value
RSP=0x0000000056a6c400 is pointing into the stack for thread: 0x0000000056565000
RBP=0x0000000058133b70 is an unknown value
RSI=0x0000000058124870 is an unknown value
RDI=0x00000000574b8c38 is an unknown value
R8 =0x00000000ffffffff is an unallocated location in the heap
R9 =0x0000000000000001 is an unknown value
R10=0x000000000000003a is an unknown value
R11=0x0000000000000040 is an unknown value
R12=0x0000000056a6c810 is pointing into the stack for thread: 0x0000000056565000
R13=0x0000000000000000 is an unknown value
R14=0x0000000000000088 is an unknown value
R15=0x0000000000000011 is an unknown value


Stack: [0x0000000056970000,0x0000000056a70000],  sp=0x0000000056a6c400,  free space=1009k
Native frames: (J=compiled Java code, j=interpreted, Vv=VM code, C=native code)
V  [jvm.dll+0x4614d4]
V  [jvm.dll+0x464489]
V  [jvm.dll+0x46f55b]
V  [jvm.dll+0x471b72]
V  [jvm.dll+0x454ce2]
V  [jvm.dll+0xa4be2]
V  [jvm.dll+0xa551f]
V  [jvm.dll+0x243ae4]
V  [jvm.dll+0x29a99a]
C  [msvcr100.dll+0x21d9f]
C  [msvcr100.dll+0x21e3b]
C  [kernel32.dll+0x159ed]
C  [ntdll.dll+0x2b371]


Current CompileTask:
C2:   9121 1408   !   4       com.android.dx.cf.cst.ConstantPoolParser::parse0 (731 bytes)


---------------  P R O C E S S  ---------------

Java Threads: ( => current thread )
  0x00000000568b3800 JavaThread "pool-2-thread-4" [_thread_blocked, id=6520, stack(0x0000000057970000,0x0000000057a70000)]
  0x000000005681b000 JavaThread "pool-2-thread-3" [_thread_blocked, id=5724, stack(0x0000000057d50000,0x0000000057e50000)]
  0x0000000056819800 JavaThread "pool-2-thread-2" [_thread_blocked, id=916, stack(0x0000000057ba0000,0x0000000057ca0000)]
  0x0000000056814000 JavaThread "pool-3-thread-1" [_thread_blocked, id=5596, stack(0x0000000056cd0000,0x0000000056dd0000)]
  0x00000000568cb800 JavaThread "pool-2-thread-1" [_thread_blocked, id=6240, stack(0x0000000057aa0000,0x0000000057ba0000)]
  0x00000000565c3800 JavaThread "Service Thread" daemon [_thread_blocked, id=6648, stack(0x0000000056f50000,0x0000000057050000)]
  0x00000000565c0800 JavaThread "C1 CompilerThread2" daemon [_thread_blocked, id=6832, stack(0x0000000056de0000,0x0000000056ee0000)]
  0x000000005656c800 JavaThread "C2 CompilerThread1" daemon [_thread_in_native, id=7120, stack(0x0000000056bb0000,0x0000000056cb0000)]
=>0x0000000056565000 JavaThread "C2 CompilerThread0" daemon [_thread_in_native, id=6840, stack(0x0000000056970000,0x0000000056a70000)]
  0x0000000056564000 JavaThread "Attach Listener" daemon [_thread_blocked, id=7112, stack(0x0000000056210000,0x0000000056310000)]
  0x000000005505f000 JavaThread "Signal Dispatcher" daemon [_thread_blocked, id=6852, stack(0x0000000056010000,0x0000000056110000)]
  0x0000000055038800 JavaThread "Finalizer" daemon [_thread_blocked, id=5744, stack(0x0000000056450000,0x0000000056550000)]
  0x0000000054ff1800 JavaThread "Reference Handler" daemon [_thread_blocked, id=1160, stack(0x0000000056310000,0x0000000056410000)]
  0x000000000025f800 JavaThread "main" [_thread_blocked, id=1400, stack(0x00000000027e0000,0x00000000028e0000)]

Other Threads:
  0x0000000054fea000 VMThread [stack: 0x0000000056110000,0x0000000056210000] [id=7072]
  0x0000000056645000 WatcherThread [stack: 0x0000000057050000,0x0000000057150000] [id=7108]

VM state:not at safepoint (normal execution)

VM Mutex/Monitor currently owned by a thread: None

Heap:
 PSYoungGen      total 48640K, used 7172K [0x00000000eab00000, 0x00000000ede00000, 0x0000000100000000)
  eden space 45056K, 7% used [0x00000000eab00000,0x00000000eae81718,0x00000000ed700000)
  from space 3584K, 99% used [0x00000000eda80000,0x00000000eddffc88,0x00000000ede00000)
  to   space 3584K, 0% used [0x00000000ed700000,0x00000000ed700000,0x00000000eda80000)
 ParOldGen       total 60416K, used 1899K [0x00000000c0000000, 0x00000000c3b00000, 0x00000000eab00000)
  object space 60416K, 3% used [0x00000000c0000000,0x00000000c01daf58,0x00000000c3b00000)
 Metaspace       used 6113K, capacity 6964K, committed 7040K, reserved 1056768K
  class space    used 599K, capacity 620K, committed 640K, reserved 1048576K

Card table byte_map: [0x0000000011ca0000,0x0000000011eb0000] byte_map_base: 0x00000000116a0000

Marking Bits: (ParMarkBitMap*) 0x000000006ce12f70
 Begin Bits: [0x0000000012460000, 0x0000000013460000)
 End Bits:   [0x0000000013460000, 0x0000000014460000)

Polling page: 0x0000000000230000

CodeCache: size=245760Kb used=5552Kb max_used=5557Kb free=240207Kb
 bounds [0x00000000028e0000, 0x0000000002e60000, 0x00000000118e0000]
 total_blobs=1678 nmethods=1410 adapters=182
 compilation: enabled

Compilation events (10 events):
Event: 8.891 Thread 0x00000000565c0800 nmethod 1404 0x0000000002e444d0 code [0x0000000002e44620, 0x0000000002e44770]
Event: 8.899 Thread 0x000000005656c800 1405       4       com.android.dx.rop.code.Insn::hashCode (5 bytes)
Event: 8.900 Thread 0x000000005656c800 nmethod 1405 0x0000000002e49690 code [0x0000000002e497e0, 0x0000000002e49868]
Event: 8.900 Thread 0x000000005656c800 1406       4       com.android.dx.ssa.SCCP::simulateBranch (666 bytes)
Event: 8.944 Thread 0x0000000056565000 nmethod 1385 0x0000000002e4c290 code [0x0000000002e4c720, 0x0000000002e4e830]
Event: 8.944 Thread 0x0000000056565000 1407       4       java.util.TreeMap::getEntry (84 bytes)
Event: 8.953 Thread 0x0000000056565000 nmethod 1407 0x0000000002e488d0 code [0x0000000002e48a40, 0x0000000002e49098]
Event: 8.961 Thread 0x0000000056565000 1408   !   4       com.android.dx.cf.cst.ConstantPoolParser::parse0 (731 bytes)
Event: 9.036 Thread 0x00000000565c0800 1409       3       java.lang.String::<init> (15 bytes)
Event: 9.037 Thread 0x00000000565c0800 nmethod 1409 0x0000000002e48190 code [0x0000000002e48320, 0x0000000002e48708]

GC Heap History (4 events):
Event: 1.871 GC heap before
{Heap before GC invocations=1 (full 0):
 PSYoungGen      total 26112K, used 22528K [0x00000000eab00000, 0x00000000ec800000, 0x0000000100000000)
  eden space 22528K, 100% used [0x00000000eab00000,0x00000000ec100000,0x00000000ec100000)
  from space 3584K, 0% used [0x00000000ec480000,0x00000000ec480000,0x00000000ec800000)
  to   space 3584K, 0% used [0x00000000ec100000,0x00000000ec100000,0x00000000ec480000)
 ParOldGen       total 60416K, used 0K [0x00000000c0000000, 0x00000000c3b00000, 0x00000000eab00000)
  object space 60416K, 0% used [0x00000000c0000000,0x00000000c0000000,0x00000000c3b00000)
 Metaspace       used 5066K, capacity 6032K, committed 6272K, reserved 1056768K
  class space    used 555K, capacity 584K, committed 640K, reserved 1048576K
Event: 2.618 GC heap after
Heap after GC invocations=1 (full 0):
 PSYoungGen      total 26112K, used 2909K [0x00000000eab00000, 0x00000000ede00000, 0x0000000100000000)
  eden space 22528K, 0% used [0x00000000eab00000,0x00000000eab00000,0x00000000ec100000)
  from space 3584K, 81% used [0x00000000ec100000,0x00000000ec3d7578,0x00000000ec480000)
  to   space 3584K, 0% used [0x00000000eda80000,0x00000000eda80000,0x00000000ede00000)
 ParOldGen       total 60416K, used 0K [0x00000000c0000000, 0x00000000c3b00000, 0x00000000eab00000)
  object space 60416K, 0% used [0x00000000c0000000,0x00000000c0000000,0x00000000c3b00000)
 Metaspace       used 5066K, capacity 6032K, committed 6272K, reserved 1056768K
  class space    used 555K, capacity 584K, committed 640K, reserved 1048576K
}
Event: 8.678 GC heap before
{Heap before GC invocations=2 (full 0):
 PSYoungGen      total 26112K, used 25437K [0x00000000eab00000, 0x00000000ede00000, 0x0000000100000000)
  eden space 22528K, 100% used [0x00000000eab00000,0x00000000ec100000,0x00000000ec100000)
  from space 3584K, 81% used [0x00000000ec100000,0x00000000ec3d7578,0x00000000ec480000)
  to   space 3584K, 0% used [0x00000000eda80000,0x00000000eda80000,0x00000000ede00000)
 ParOldGen       total 60416K, used 0K [0x00000000c0000000, 0x00000000c3b00000, 0x00000000eab00000)
  object space 60416K, 0% used [0x00000000c0000000,0x00000000c0000000,0x00000000c3b00000)
 Metaspace       used 6105K, capacity 6964K, committed 7040K, reserved 1056768K
  class space    used 599K, capacity 620K, committed 640K, reserved 1048576K
Event: 8.829 GC heap after
Heap after GC invocations=2 (full 0):
 PSYoungGen      total 48640K, used 3583K [0x00000000eab00000, 0x00000000ede00000, 0x0000000100000000)
  eden space 45056K, 0% used [0x00000000eab00000,0x00000000eab00000,0x00000000ed700000)
  from space 3584K, 99% used [0x00000000eda80000,0x00000000eddffc88,0x00000000ede00000)
  to   space 3584K, 0% used [0x00000000ed700000,0x00000000ed700000,0x00000000eda80000)
 ParOldGen       total 60416K, used 1899K [0x00000000c0000000, 0x00000000c3b00000, 0x00000000eab00000)
  object space 60416K, 3% used [0x00000000c0000000,0x00000000c01daf58,0x00000000c3b00000)
 Metaspace       used 6105K, capacity 6964K, committed 7040K, reserved 1056768K
  class space    used 599K, capacity 620K, committed 640K, reserved 1048576K
}

Deoptimization events (2 events):
Event: 3.180 Thread 0x00000000568cb800 Uncommon trap: reason=unstable_if action=reinterpret pc=0x0000000002c12410 method=com.android.dx.rop.code.RegisterSpecSet.put(Lcom/android/dx/rop/code/RegisterSpec;)V @ 77
Event: 8.496 Thread 0x00000000568cb800 Uncommon trap: reason=unstable_if action=reinterpret pc=0x0000000002c6194c method=com.android.dx.ssa.SsaMethod.updateOneDefinition(Lcom/android/dx/ssa/SsaInsn;Lcom/android/dx/rop/code/RegisterSpec;)V @ 4

Internal exceptions (2 events):
Event: 0.413 Thread 0x000000000025f800 Exception <a 'java/lang/NoSuchMethodError': Method sun.misc.Unsafe.defineClass(Ljava/lang/String;[BII)Ljava/lang/Class; name or signature does not match> (0x00000000eab07cc0) thrown at [C:\re\workspace\8-2-build-windows-amd64-cygwin\jdk8u91\6644\hotspot\sr£,Á<uvÚ?
Event: 0.413 Thread 0x000000000025f800 Exception <a 'java/lang/NoSuchMethodError': Method sun.misc.Unsafe.prefetchRead(Ljava/lang/Object;J)V name or signature does not match> (0x00000000eab07fa8) thrown at [C:\re\workspace\8-2-build-windows-amd64-cygwin\jdk8u91\6644\hotspot\src\share\vm\prims\j

Events (10 events):
Event: 4.664 Executing VM operation: EnableBiasedLocking done
Event: 5.895 loading class com/android/dx/cf/code/BytecodeArray$ConstantParserVisitor
Event: 5.895 loading class com/android/dx/cf/code/BytecodeArray$ConstantParserVisitor done
Event: 8.495 loading class com/android/dx/rop/code/RegOps
Event: 8.495 loading class com/android/dx/rop/code/RegOps done
Event: 8.496 Thread 0x00000000568cb800 Uncommon trap: trap_request=0xffffff65 fr.pc=0x0000000002c6194c
Event: 8.496 Thread 0x00000000568cb800 DEOPT PACKING pc=0x0000000002c6194c sp=0x0000000057b9e6b0
Event: 8.497 Thread 0x00000000568cb800 DEOPT UNPACKING pc=0x000000000292582a sp=0x0000000057b9e658 mode 2
Event: 8.678 Executing VM operation: ParallelGCFailedAllocation
Event: 8.829 Executing VM operation: ParallelGCFailedAllocation done


Dynamic libraries:
0x000000013fbe0000 - 0x000000013fc17000 	C:\Program Files\Java\jdk1.8.0_91\bin\java.exe
0x0000000077030000 - 0x00000000771da000 	C:\Windows\SYSTEM32\ntdll.dll
0x0000000076e10000 - 0x0000000076f2f000 	C:\Windows\system32\kernel32.dll
0x000007fefd250000 - 0x000007fefd2bb000 	C:\Windows\system32\KERNELBASE.dll
0x000007fefd350000 - 0x000007fefd42b000 	C:\Windows\system32\ADVAPI32.dll
0x000007feff080000 - 0x000007feff11f000 	C:\Windows\system32\msvcrt.dll
0x000007fefee30000 - 0x000007fefee4f000 	C:\Windows\SYSTEM32\sechost.dll
0x000007feff200000 - 0x000007feff32d000 	C:\Windows\system32\RPCRT4.dll
0x0000000076f30000 - 0x000000007702a000 	C:\Windows\system32\USER32.dll
0x000007fefe670000 - 0x000007fefe6d7000 	C:\Windows\system32\GDI32.dll
0x000007feff330000 - 0x000007feff33e000 	C:\Windows\system32\LPK.dll
0x000007fefd660000 - 0x000007fefd72a000 	C:\Windows\system32\USP10.dll
0x000007fefb9b0000 - 0x000007fefbba4000 	C:\Windows\WinSxS\amd64_microsoft.windows.common-controls_6595b64144ccf1df_6.0.7601.18837_none_fa3b1e3d17594757\COMCTL32.dll
0x000007fefe5f0000 - 0x000007fefe661000 	C:\Windows\system32\SHLWAPI.dll
0x000007fefec50000 - 0x000007fefec7e000 	C:\Windows\system32\IMM32.DLL
0x000007fefec80000 - 0x000007fefed89000 	C:\Windows\system32\MSCTF.dll
0x000000006bc90000 - 0x000000006bd62000 	C:\Program Files\Java\jdk1.8.0_91\jre\bin\msvcr100.dll
0x000000006c600000 - 0x000000006ce93000 	C:\Program Files\Java\jdk1.8.0_91\jre\bin\server\jvm.dll
0x000007fef3930000 - 0x000007fef3939000 	C:\Windows\system32\WSOCK32.dll
0x000007fefee50000 - 0x000007fefee9d000 	C:\Windows\system32\WS2_32.dll
0x000007fefd340000 - 0x000007fefd348000 	C:\Windows\system32\NSI.dll
0x000007fef9b60000 - 0x000007fef9b9b000 	C:\Windows\system32\WINMM.dll
0x000007fefc040000 - 0x000007fefc04c000 	C:\Windows\system32\VERSION.dll
0x0000000077200000 - 0x0000000077207000 	C:\Windows\system32\PSAPI.DLL
0x000000006dd00000 - 0x000000006dd0f000 	C:\Program Files\Java\jdk1.8.0_91\jre\bin\verify.dll
0x000000006c4f0000 - 0x000000006c519000 	C:\Program Files\Java\jdk1.8.0_91\jre\bin\java.dll
0x000000006c4d0000 - 0x000000006c4e6000 	C:\Program Files\Java\jdk1.8.0_91\jre\bin\zip.dll
0x000007fefd860000 - 0x000007fefe5e9000 	C:\Windows\system32\SHELL32.dll
0x000007fefd450000 - 0x000007fefd653000 	C:\Windows\system32\ole32.dll
0x000007fefcf30000 - 0x000007fefcf3f000 	C:\Windows\system32\profapi.dll
0x000007fef2d10000 - 0x000007fef2e35000 	C:\Windows\system32\dbghelp.dll

VM Arguments:
jvm_args: -Djava.awt.headless=true -Xmx1024M -Dfile.encoding=GBK -Duser.country=CN -Duser.language=zh -Duser.variant 
java_command: com.android.dx.command.Main --dex --force-jumbo --num-threads=4 --multi-dex --output E:\github\yuanmu\app\build\intermediates\transforms\dex\debug\folders\1000\10\com.google.android.gms-play-services-basement-8.1.0_d68b54e6eafe555828c52b7d84bc4ecceeb72f3e E:\github\yuanmu\app\build\intermediates\exploded-aar\com.google.android.gms\play-services-basement\8.1.0\jars\classes.jar
java_class_path (initial): F:\AS\sdk\build-tools\24.0.1\lib\dx.jar
Launcher Type: SUN_STANDARD

Environment Variables:
CLASSPATH=.;%JAVA_HOME%\lib;%JAVA_HOME%\lib\tools.jar
PATH=C:\ProgramData\Oracle\Java\javapath;C:\Windows\system32;C:\Windows;C:\Windows\System32\Wbem;C:\Windows\System32\WindowsPowerShell\v1.0\;F:\SVN\bin;F:\VisualSVN Server\bin
USERNAME=Administrator
OS=Windows_NT
PROCESSOR_IDENTIFIER=AMD64 Family 16 Model 5 Stepping 2, AuthenticAMD



---------------  S Y S T E M  ---------------

OS: Windows 7 , 64 bit Build 7601 (6.1.7601.19135)

CPU:total 4 (4 cores per cpu, 1 threads per core) family 16 model 5 stepping 2, cmov, cx8, fxsr, mmx, sse, sse2, sse3, popcnt, mmxext, 3dnowpref, lzcnt, sse4a, tsc, tscinvbit, tscinv

Memory: 4k page, physical 5764664k(2340688k free), swap 11527492k(7282852k free)

vm_info: Java HotSpot(TM) 64-Bit Server VM (25.91-b14) for windows-amd64 JRE (1.8.0_91-b14), built on Apr  1 2016 00:58:32 by "java_re" with MS VC++ 10.0 (VS2010)

time: Wed Sep 28 15:36:27 2016
elapsed time: 9 seconds (0d 0h 0m 9s)

