#
# A fatal error has been detected by the Java Runtime Environment:
#
#  EXCEPTION_ACCESS_VIOLATION (0xc0000005) at pc=0x0000000000000000, pid=6780, tid=6936
#
# JRE version: Java(TM) SE Runtime Environment (8.0_91-b14) (build 1.8.0_91-b14)
# Java VM: Java HotSpot(TM) 64-Bit Server VM (25.91-b14 mixed mode windows-amd64 compressed oops)
# Problematic frame:
# C  0x0000000000000000
#
# Failed to write core dump. Minidumps are not enabled by default on client versions of Windows
#
# If you would like to submit a bug report, please visit:
#   http://bugreport.java.com/bugreport/crash.jsp
#

---------------  T H R E A D  ---------------

Current thread (0x000000005509d800):  JavaThread "C2 CompilerThread0" daemon [_thread_in_native, id=6936, stack(0x0000000056c80000,0x0000000056d80000)]

siginfo: ExceptionCode=0xc0000005, ExceptionInformation=0x0000000000000008 0x0000000000000000

Registers:
RAX=0x0000000058c5c778, RBX=0x00000000583b5e60, RCX=0x00000000583b5e60, RDX=0x0000000056d7c740
RSP=0x0000000056d7c478, RBP=0x0000000000000000, RSI=0x0000000058244bf8, RDI=0x0000000000000000
R8 =0x0000000000000220, R9 =0x0000000000000440, R10=0x0000000000000200, R11=0x0000000000000000
R12=0xfffffffffffffdd0, R13=0x0000000000000000, R14=0x00000000583b5ec0, R15=0x00000000ffffffff
RIP=0x0000000000000000, EFLAGS=0x0000000000010293

Top of Stack: (sp=0x0000000056d7c478)
0x0000000056d7c478:   000000006caf1cb8 0000000058a1afc0
0x0000000056d7c488:   0000000000000088 0000000057b37750
0x0000000056d7c498:   000000000075e6c0 ffffffff00780001
0x0000000056d7c4a8:   0000001e00000001 0000000000000088
0x0000000056d7c4b8:   00000000000000f0 0000000000000440
0x0000000056d7c4c8:   0000000000000003 0000000000000220
0x0000000056d7c4d8:   00000000ffffffff 0000000000000890
0x0000000056d7c4e8:   00000000582451e0 0000000058244da0
0x0000000056d7c4f8:   0000000058244fc0 0000000058244b80
0x0000000056d7c508:   000000006ca8461c 0000000000000220
0x0000000056d7c518:   000000006ca6f1d0 000000005637a2e0
0x0000000056d7c528:   0000000058244950 0000000000000000
0x0000000056d7c538:   0000000000000440 0000000000000088
0x0000000056d7c548:   0000000058244950 000000005948eb68
0x0000000056d7c558:   0000000056d7eac0 0000000000001000
0x0000000056d7c568:   000000006caf341d 0000000056d7eac0 

Instructions: (pc=0x0000000000000000)
0xffffffffffffffe0:   


Register to memory mapping:

RAX=0x0000000058c5c778 is an unknown value
RBX=0x00000000583b5e60 is an unknown value
RCX=0x00000000583b5e60 is an unknown value
RDX=0x0000000056d7c740 is pointing into the stack for thread: 0x000000005509d800
RSP=0x0000000056d7c478 is pointing into the stack for thread: 0x000000005509d800
RBP=0x0000000000000000 is an unknown value
RSI=0x0000000058244bf8 is an unknown value
RDI=0x0000000000000000 is an unknown value
R8 =0x0000000000000220 is an unknown value
R9 =0x0000000000000440 is an unknown value
R10=0x0000000000000200 is an unknown value
R11=0x0000000000000000 is an unknown value
R12=0xfffffffffffffdd0 is an unknown value
R13=0x0000000000000000 is an unknown value
R14=0x00000000583b5ec0 is an unknown value
R15=0x00000000ffffffff is an unallocated location in the heap


Stack: [0x0000000056c80000,0x0000000056d80000],  sp=0x0000000056d7c478,  free space=1009k
Native frames: (J=compiled Java code, j=interpreted, Vv=VM code, C=native code)


Current CompileTask:
C2:   7973 1845 %     4       com.android.dx.ssa.DeadCodeRemover::pruneDeadInstructions @ 26 (246 bytes)


---------------  P R O C E S S  ---------------

Java Threads: ( => current thread )
  0x0000000056659800 JavaThread "pool-2-thread-4" [_thread_blocked, id=6168, stack(0x0000000057a20000,0x0000000057b20000)]
  0x0000000056652800 JavaThread "pool-2-thread-3" [_thread_blocked, id=6548, stack(0x0000000057870000,0x0000000057970000)]
  0x000000005664b000 JavaThread "pool-2-thread-2" [_thread_blocked, id=6504, stack(0x0000000057610000,0x0000000057710000)]
  0x0000000056649800 JavaThread "pool-3-thread-1" [_thread_blocked, id=6748, stack(0x00000000574e0000,0x00000000575e0000)]
  0x0000000056648800 JavaThread "pool-2-thread-1" [_thread_blocked, id=6960, stack(0x0000000057330000,0x0000000057430000)]
  0x0000000056396800 JavaThread "Service Thread" daemon [_thread_blocked, id=6568, stack(0x0000000056fd0000,0x00000000570d0000)]
  0x0000000056392000 JavaThread "C1 CompilerThread2" daemon [_thread_blocked, id=6556, stack(0x0000000056af0000,0x0000000056bf0000)]
  0x0000000056391800 JavaThread "C2 CompilerThread1" daemon [_thread_in_native, id=7100, stack(0x0000000056e80000,0x0000000056f80000)]
=>0x000000005509d800 JavaThread "C2 CompilerThread0" daemon [_thread_in_native, id=6936, stack(0x0000000056c80000,0x0000000056d80000)]
  0x000000005637b800 JavaThread "Attach Listener" daemon [_thread_blocked, id=6824, stack(0x00000000569c0000,0x0000000056ac0000)]
  0x0000000055087800 JavaThread "Signal Dispatcher" daemon [_thread_blocked, id=6708, stack(0x0000000056880000,0x0000000056980000)]
  0x0000000055073800 JavaThread "Finalizer" daemon [_thread_blocked, id=7088, stack(0x0000000056270000,0x0000000056370000)]
  0x0000000055032000 JavaThread "Reference Handler" daemon [_thread_blocked, id=3892, stack(0x00000000560c0000,0x00000000561c0000)]
  0x000000000252f800 JavaThread "main" [_thread_blocked, id=5584, stack(0x0000000002630000,0x0000000002730000)]

Other Threads:
  0x000000005502a000 VMThread [stack: 0x0000000055fa0000,0x00000000560a0000] [id=6192]
  0x0000000056449000 WatcherThread [stack: 0x0000000057100000,0x0000000057200000] [id=6564]

VM state:not at safepoint (normal execution)

VM Mutex/Monitor currently owned by a thread: None

Heap:
 PSYoungGen      total 48640K, used 38891K [0x00000000eab00000, 0x00000000f0a00000, 0x0000000100000000)
  eden space 45056K, 78% used [0x00000000eab00000,0x00000000ecd81790,0x00000000ed700000)
  from space 3584K, 99% used [0x00000000ed700000,0x00000000eda797e0,0x00000000eda80000)
  to   space 3584K, 0% used [0x00000000f0680000,0x00000000f0680000,0x00000000f0a00000)
 ParOldGen       total 60416K, used 11074K [0x00000000c0000000, 0x00000000c3b00000, 0x00000000eab00000)
  object space 60416K, 18% used [0x00000000c0000000,0x00000000c0ad0b98,0x00000000c3b00000)
 Metaspace       used 6338K, capacity 7128K, committed 7424K, reserved 1056768K
  class space    used 624K, capacity 656K, committed 768K, reserved 1048576K

Card table byte_map: [0x0000000011af0000,0x0000000011d00000] byte_map_base: 0x00000000114f0000

Marking Bits: (ParMarkBitMap*) 0x000000006ce12f70
 Begin Bits: [0x00000000124a0000, 0x00000000134a0000)
 End Bits:   [0x00000000134a0000, 0x00000000144a0000)

Polling page: 0x0000000001b60000

CodeCache: size=245760Kb used=7545Kb max_used=7557Kb free=238214Kb
 bounds [0x0000000002730000, 0x0000000002eb0000, 0x0000000011730000]
 total_blobs=1980 nmethods=1711 adapters=182
 compilation: enabled

Compilation events (10 events):
Event: 7.926 Thread 0x000000005509d800 nmethod 1836% 0x0000000002e928d0 code [0x0000000002e92e00, 0x0000000002e96660]
Event: 7.926 Thread 0x000000005509d800 1826       4       com.android.dx.cf.iface.StdAttributeList::findFirst (44 bytes)
Event: 7.928 Thread 0x000000005509d800 nmethod 1826 0x0000000002e37e50 code [0x0000000002e37fa0, 0x0000000002e381f8]
Event: 7.929 Thread 0x0000000056392000 1841       3       com.android.dx.rop.cst.CstString::<init> (42 bytes)
Event: 7.930 Thread 0x0000000056392000 nmethod 1841 0x0000000002e3c690 code [0x0000000002e3c860, 0x0000000002e3cdf8]
Event: 7.933 Thread 0x000000005509d800 1842       4       com.android.dx.dex.code.RopTranslator::getRegs (64 bytes)
Event: 7.942 Thread 0x000000005509d800 nmethod 1842 0x0000000002e78990 code [0x0000000002e78b20, 0x0000000002e78f88]
Event: 7.942 Thread 0x000000005509d800 1850       4       com.android.dx.ssa.SCCP::simulateBlock (54 bytes)
Event: 7.946 Thread 0x000000005509d800 nmethod 1850 0x0000000002e3ead0 code [0x0000000002e3ec40, 0x0000000002e3eeb8]
Event: 7.947 Thread 0x000000005509d800 1845 %     4       com.android.dx.ssa.DeadCodeRemover::pruneDeadInstructions @ 26 (246 bytes)

GC Heap History (6 events):
Event: 1.673 GC heap before
{Heap before GC invocations=1 (full 0):
 PSYoungGen      total 26112K, used 22528K [0x00000000eab00000, 0x00000000ec800000, 0x0000000100000000)
  eden space 22528K, 100% used [0x00000000eab00000,0x00000000ec100000,0x00000000ec100000)
  from space 3584K, 0% used [0x00000000ec480000,0x00000000ec480000,0x00000000ec800000)
  to   space 3584K, 0% used [0x00000000ec100000,0x00000000ec100000,0x00000000ec480000)
 ParOldGen       total 60416K, used 0K [0x00000000c0000000, 0x00000000c3b00000, 0x00000000eab00000)
  object space 60416K, 0% used [0x00000000c0000000,0x00000000c0000000,0x00000000c3b00000)
 Metaspace       used 5869K, capacity 6772K, committed 7040K, reserved 1056768K
  class space    used 600K, capacity 620K, committed 640K, reserved 1048576K
Event: 1.787 GC heap after
Heap after GC invocations=1 (full 0):
 PSYoungGen      total 26112K, used 3568K [0x00000000eab00000, 0x00000000ede00000, 0x0000000100000000)
  eden space 22528K, 0% used [0x00000000eab00000,0x00000000eab00000,0x00000000ec100000)
  from space 3584K, 99% used [0x00000000ec100000,0x00000000ec47c080,0x00000000ec480000)
  to   space 3584K, 0% used [0x00000000eda80000,0x00000000eda80000,0x00000000ede00000)
 ParOldGen       total 60416K, used 1357K [0x00000000c0000000, 0x00000000c3b00000, 0x00000000eab00000)
  object space 60416K, 2% used [0x00000000c0000000,0x00000000c0153738,0x00000000c3b00000)
 Metaspace       used 5869K, capacity 6772K, committed 7040K, reserved 1056768K
  class space    used 600K, capacity 620K, committed 640K, reserved 1048576K
}
Event: 3.175 GC heap before
{Heap before GC invocations=2 (full 0):
 PSYoungGen      total 26112K, used 26096K [0x00000000eab00000, 0x00000000ede00000, 0x0000000100000000)
  eden space 22528K, 100% used [0x00000000eab00000,0x00000000ec100000,0x00000000ec100000)
  from space 3584K, 99% used [0x00000000ec100000,0x00000000ec47c080,0x00000000ec480000)
  to   space 3584K, 0% used [0x00000000eda80000,0x00000000eda80000,0x00000000ede00000)
 ParOldGen       total 60416K, used 1357K [0x00000000c0000000, 0x00000000c3b00000, 0x00000000eab00000)
  object space 60416K, 2% used [0x00000000c0000000,0x00000000c0153738,0x00000000c3b00000)
 Metaspace       used 5943K, capacity 6836K, committed 7040K, reserved 1056768K
  class space    used 601K, capacity 620K, committed 640K, reserved 1048576K
Event: 3.406 GC heap after
Heap after GC invocations=2 (full 0):
 PSYoungGen      total 48640K, used 3553K [0x00000000eab00000, 0x00000000ede00000, 0x0000000100000000)
  eden space 45056K, 0% used [0x00000000eab00000,0x00000000eab00000,0x00000000ed700000)
  from space 3584K, 99% used [0x00000000eda80000,0x00000000eddf8720,0x00000000ede00000)
  to   space 3584K, 0% used [0x00000000ed700000,0x00000000ed700000,0x00000000eda80000)
 ParOldGen       total 60416K, used 4896K [0x00000000c0000000, 0x00000000c3b00000, 0x00000000eab00000)
  object space 60416K, 8% used [0x00000000c0000000,0x00000000c04c8288,0x00000000c3b00000)
 Metaspace       used 5943K, capacity 6836K, committed 7040K, reserved 1056768K
  class space    used 601K, capacity 620K, committed 640K, reserved 1048576K
}
Event: 5.511 GC heap before
{Heap before GC invocations=3 (full 0):
 PSYoungGen      total 48640K, used 48609K [0x00000000eab00000, 0x00000000ede00000, 0x0000000100000000)
  eden space 45056K, 100% used [0x00000000eab00000,0x00000000ed700000,0x00000000ed700000)
  from space 3584K, 99% used [0x00000000eda80000,0x00000000eddf8720,0x00000000ede00000)
  to   space 3584K, 0% used [0x00000000ed700000,0x00000000ed700000,0x00000000eda80000)
 ParOldGen       total 60416K, used 4896K [0x00000000c0000000, 0x00000000c3b00000, 0x00000000eab00000)
  object space 60416K, 8% used [0x00000000c0000000,0x00000000c04c8288,0x00000000c3b00000)
 Metaspace       used 6319K, capacity 7128K, committed 7424K, reserved 1056768K
  class space    used 624K, capacity 656K, committed 768K, reserved 1048576K
Event: 6.048 GC heap after
Heap after GC invocations=3 (full 0):
 PSYoungGen      total 48640K, used 3557K [0x00000000eab00000, 0x00000000f0a00000, 0x0000000100000000)
  eden space 45056K, 0% used [0x00000000eab00000,0x00000000eab00000,0x00000000ed700000)
  from space 3584K, 99% used [0x00000000ed700000,0x00000000eda797e0,0x00000000eda80000)
  to   space 3584K, 0% used [0x00000000f0680000,0x00000000f0680000,0x00000000f0a00000)
 ParOldGen       total 60416K, used 11074K [0x00000000c0000000, 0x00000000c3b00000, 0x00000000eab00000)
  object space 60416K, 18% used [0x00000000c0000000,0x00000000c0ad0b98,0x00000000c3b00000)
 Metaspace       used 6319K, capacity 7128K, committed 7424K, reserved 1056768K
  class space    used 624K, capacity 656K, committed 768K, reserved 1048576K
}

Deoptimization events (10 events):
Event: 4.788 Thread 0x0000000056648800 Uncommon trap: reason=unstable_if action=reinterpret pc=0x0000000002c7c624 method=com.android.dx.cf.code.ByteCatchList.listFor(I)Lcom/android/dx/cf/code/ByteCatchList; @ 19
Event: 4.789 Thread 0x0000000056648800 Uncommon trap: reason=null_check action=make_not_entrant pc=0x0000000002a4d414 method=com.android.dx.ssa.SsaRenamer.getLocalForNewReg(I)Lcom/android/dx/rop/code/LocalItem; @ 19
Event: 5.415 Thread 0x0000000056648800 Uncommon trap: reason=unstable_if action=reinterpret pc=0x0000000002ad20ac method=com.android.dx.util.IntList.binarysearch(I)I @ 105
Event: 5.419 Thread 0x0000000056648800 Uncommon trap: reason=unstable_if action=reinterpret pc=0x0000000002a74e10 method=java.util.HashMap.putVal(ILjava/lang/Object;Ljava/lang/Object;ZZ)Ljava/lang/Object; @ 162
Event: 5.494 Thread 0x0000000056648800 Uncommon trap: reason=bimorphic action=maybe_recompile pc=0x0000000002da3030 method=com.android.dx.ssa.LiteralOpUpgrader.tryReplacingWithConstant(Lcom/android/dx/ssa/NormalSsaInsn;)Z @ 52
Event: 6.173 Thread 0x0000000056648800 Uncommon trap: reason=bimorphic action=maybe_recompile pc=0x0000000002da3030 method=com.android.dx.ssa.LiteralOpUpgrader.tryReplacingWithConstant(Lcom/android/dx/ssa/NormalSsaInsn;)Z @ 52
Event: 6.271 Thread 0x0000000056648800 Uncommon trap: reason=unstable_if action=reinterpret pc=0x0000000002d99f3c method=java.util.HashMap.putVal(ILjava/lang/Object;Ljava/lang/Object;ZZ)Ljava/lang/Object; @ 109
Event: 6.399 Thread 0x0000000056648800 Uncommon trap: reason=bimorphic action=maybe_recompile pc=0x0000000002da3030 method=com.android.dx.ssa.LiteralOpUpgrader.tryReplacingWithConstant(Lcom/android/dx/ssa/NormalSsaInsn;)Z @ 52
Event: 6.400 Thread 0x0000000056648800 Uncommon trap: reason=bimorphic action=maybe_recompile pc=0x0000000002da3030 method=com.android.dx.ssa.LiteralOpUpgrader.tryReplacingWithConstant(Lcom/android/dx/ssa/NormalSsaInsn;)Z @ 52
Event: 6.401 Thread 0x0000000056648800 Uncommon trap: reason=unstable_if action=reinterpret pc=0x0000000002d60c38 method=com.android.dx.rop.code.LocalVariableInfo.mergeStarts(ILcom/android/dx/rop/code/RegisterSpecSet;)Z @ 31

Internal exceptions (6 events):
Event: 0.106 Thread 0x000000000252f800 Exception <a 'java/lang/NoSuchMethodError': Method sun.misc.Unsafe.defineClass(Ljava/lang/String;[BII)Ljava/lang/Class; name or signature does not match> (0x00000000eab07cc0) thrown at [C:\re\workspace\8-2-build-windows-amd64-cygwin\jdk8u91\6644\hotspot\sr=-’uü»?
Event: 0.106 Thread 0x000000000252f800 Exception <a 'java/lang/NoSuchMethodError': Method sun.misc.Unsafe.prefetchRead(Ljava/lang/Object;J)V name or signature does not match> (0x00000000eab07fa8) thrown at [C:\re\workspace\8-2-build-windows-amd64-cygwin\jdk8u91\6644\hotspot\src\share\vm\prims\j	?H‹ $@
Event: 3.643 Thread 0x000000005664b000 Exception <a 'java/lang/ArrayIndexOutOfBoundsException': 18> (0x00000000eb845c90) thrown at [C:\re\workspace\8-2-build-windows-amd64-cygwin\jdk8u91\6644\hotspot\src\share\vm\interpreter\interpreterRuntime.cpp, line 366]
Event: 3.643 Thread 0x000000005664b000 Exception <a 'java/lang/ArrayIndexOutOfBoundsException': 145> (0x00000000eb847810) thrown at [C:\re\workspace\8-2-build-windows-amd64-cygwin\jdk8u91\6644\hotspot\src\share\vm\interpreter\interpreterRuntime.cpp, line 366]
Event: 3.644 Thread 0x000000005664b000 Exception <a 'java/lang/ArrayIndexOutOfBoundsException': 40> (0x00000000eb848af8) thrown at [C:\re\workspace\8-2-build-windows-amd64-cygwin\jdk8u91\6644\hotspot\src\share\vm\interpreter\interpreterRuntime.cpp, line 366]
Event: 4.789 Thread 0x0000000056648800 Implicit null exception at 0x0000000002a4ba57 to 0x0000000002a4d3f1

Events (10 events):
Event: 6.365 Thread 0x0000000056648800 DEOPT UNPACKING pc=0x000000000277747f sp=0x000000005742ebd0 mode 0
Event: 6.399 Thread 0x0000000056648800 Uncommon trap: trap_request=0xffffffc6 fr.pc=0x0000000002da3030
Event: 6.399 Thread 0x0000000056648800 DEOPT PACKING pc=0x0000000002da3030 sp=0x000000005742ece0
Event: 6.400 Thread 0x0000000056648800 DEOPT UNPACKING pc=0x000000000277582a sp=0x000000005742eba8 mode 2
Event: 6.400 Thread 0x0000000056648800 Uncommon trap: trap_request=0xffffffc6 fr.pc=0x0000000002da3030
Event: 6.400 Thread 0x0000000056648800 DEOPT PACKING pc=0x0000000002da3030 sp=0x000000005742ece0
Event: 6.400 Thread 0x0000000056648800 DEOPT UNPACKING pc=0x000000000277582a sp=0x000000005742eba8 mode 2
Event: 6.401 Thread 0x0000000056648800 Uncommon trap: trap_request=0xffffff65 fr.pc=0x0000000002d60c38
Event: 6.401 Thread 0x0000000056648800 DEOPT PACKING pc=0x0000000002d60c38 sp=0x000000005742efa0
Event: 6.401 Thread 0x0000000056648800 DEOPT UNPACKING pc=0x000000000277582a sp=0x000000005742ef00 mode 2


Dynamic libraries:
0x000000013fbe0000 - 0x000000013fc17000 	C:\Program Files\Java\jdk1.8.0_91\bin\java.exe
0x0000000077030000 - 0x00000000771da000 	C:\Windows\SYSTEM32\ntdll.dll
0x0000000076e10000 - 0x0000000076f2f000 	C:\Windows\system32\kernel32.dll
0x000007fefd250000 - 0x000007fefd2bb000 	C:\Windows\system32\KERNELBASE.dll
0x000007fefd350000 - 0x000007fefd42b000 	C:\Windows\system32\ADVAPI32.dll
0x000007feff080000 - 0x000007feff11f000 	C:\Windows\system32\msvcrt.dll
0x000007fefee30000 - 0x000007fefee4f000 	C:\Windows\SYSTEM32\sechost.dll
0x000007feff200000 - 0x000007feff32d000 	C:\Windows\system32\RPCRT4.dll
0x0000000076f30000 - 0x000000007702a000 	C:\Windows\system32\USER32.dll
0x000007fefe670000 - 0x000007fefe6d7000 	C:\Windows\system32\GDI32.dll
0x000007feff330000 - 0x000007feff33e000 	C:\Windows\system32\LPK.dll
0x000007fefd660000 - 0x000007fefd72a000 	C:\Windows\system32\USP10.dll
0x000007fefb9b0000 - 0x000007fefbba4000 	C:\Windows\WinSxS\amd64_microsoft.windows.common-controls_6595b64144ccf1df_6.0.7601.18837_none_fa3b1e3d17594757\COMCTL32.dll
0x000007fefe5f0000 - 0x000007fefe661000 	C:\Windows\system32\SHLWAPI.dll
0x000007fefec50000 - 0x000007fefec7e000 	C:\Windows\system32\IMM32.DLL
0x000007fefec80000 - 0x000007fefed89000 	C:\Windows\system32\MSCTF.dll
0x000000006bc90000 - 0x000000006bd62000 	C:\Program Files\Java\jdk1.8.0_91\jre\bin\msvcr100.dll
0x000000006c600000 - 0x000000006ce93000 	C:\Program Files\Java\jdk1.8.0_91\jre\bin\server\jvm.dll
0x000007fef3930000 - 0x000007fef3939000 	C:\Windows\system32\WSOCK32.dll
0x000007fefee50000 - 0x000007fefee9d000 	C:\Windows\system32\WS2_32.dll
0x000007fefd340000 - 0x000007fefd348000 	C:\Windows\system32\NSI.dll
0x000007fef9b60000 - 0x000007fef9b9b000 	C:\Windows\system32\WINMM.dll
0x000007fefc040000 - 0x000007fefc04c000 	C:\Windows\system32\VERSION.dll
0x0000000077200000 - 0x0000000077207000 	C:\Windows\system32\PSAPI.DLL
0x000000006dd00000 - 0x000000006dd0f000 	C:\Program Files\Java\jdk1.8.0_91\jre\bin\verify.dll
0x000000006c4f0000 - 0x000000006c519000 	C:\Program Files\Java\jdk1.8.0_91\jre\bin\java.dll
0x000000006c4d0000 - 0x000000006c4e6000 	C:\Program Files\Java\jdk1.8.0_91\jre\bin\zip.dll
0x000007fefd860000 - 0x000007fefe5e9000 	C:\Windows\system32\SHELL32.dll
0x000007fefd450000 - 0x000007fefd653000 	C:\Windows\system32\ole32.dll
0x000007fefcf30000 - 0x000007fefcf3f000 	C:\Windows\system32\profapi.dll
0x000007fef2d10000 - 0x000007fef2e35000 	C:\Windows\system32\dbghelp.dll

VM Arguments:
jvm_args: -Djava.awt.headless=true -Xmx1024M -Dfile.encoding=GBK -Duser.country=CN -Duser.language=zh -Duser.variant 
java_command: com.android.dx.command.Main --dex --force-jumbo --num-threads=4 --multi-dex --output E:\github\yuanmu\app\build\intermediates\transforms\dex\debug\folders\1000\10\com.android.support-recyclerview-v7-24.0.0_40e685faf9d15b9a3aa3894cd7b6c591ab2a89cf E:\github\yuanmu\app\build\intermediates\exploded-aar\com.android.support\recyclerview-v7\24.0.0\jars\classes.jar
java_class_path (initial): F:\AS\sdk\build-tools\24.0.1\lib\dx.jar
Launcher Type: SUN_STANDARD

Environment Variables:
CLASSPATH=.;%JAVA_HOME%\lib;%JAVA_HOME%\lib\tools.jar
PATH=C:\ProgramData\Oracle\Java\javapath;C:\Windows\system32;C:\Windows;C:\Windows\System32\Wbem;C:\Windows\System32\WindowsPowerShell\v1.0\;F:\SVN\bin;F:\VisualSVN Server\bin
USERNAME=Administrator
OS=Windows_NT
PROCESSOR_IDENTIFIER=AMD64 Family 16 Model 5 Stepping 2, AuthenticAMD



---------------  S Y S T E M  ---------------

OS: Windows 7 , 64 bit Build 7601 (6.1.7601.19135)

CPU:total 4 (4 cores per cpu, 1 threads per core) family 16 model 5 stepping 2, cmov, cx8, fxsr, mmx, sse, sse2, sse3, popcnt, mmxext, 3dnowpref, lzcnt, sse4a, tsc, tscinvbit, tscinv

Memory: 4k page, physical 5764664k(2404872k free), swap 11527492k(7570924k free)

vm_info: Java HotSpot(TM) 64-Bit Server VM (25.91-b14) for windows-amd64 JRE (1.8.0_91-b14), built on Apr  1 2016 00:58:32 by "java_re" with MS VC++ 10.0 (VS2010)

time: Wed Sep 28 15:36:25 2016
elapsed time: 7 seconds (0d 0h 0m 7s)

