#
# A fatal error has been detected by the Java Runtime Environment:
#
#  EXCEPTION_ACCESS_VIOLATION (0xc0000005) at pc=0x000000006541ef99, pid=7032, tid=3504
#
# JRE version: Java(TM) SE Runtime Environment (8.0_91-b14) (build 1.8.0_91-b14)
# Java VM: Java HotSpot(TM) 64-Bit Server VM (25.91-b14 mixed mode windows-amd64 compressed oops)
# Problematic frame:
# V  [jvm.dll+0x4eef99]
#
# Failed to write core dump. Minidumps are not enabled by default on client versions of Windows
#
# If you would like to submit a bug report, please visit:
#   http://bugreport.java.com/bugreport/crash.jsp
#

---------------  T H R E A D  ---------------

Current thread (0x000000005513b800):  JavaThread "C2 CompilerThread0" daemon [_thread_in_native, id=3504, stack(0x0000000056c60000,0x0000000056d60000)]

siginfo: ExceptionCode=0xc0000005, reading address 0x0000000000e047d4

Registers:
RAX=0x0000000056710970, RBX=0x0000000057e04a68, RCX=0x0000000057e04a68, RDX=0x0000000000e047a8
RSP=0x0000000056d5b410, RBP=0x0000000056d5b4c9, RSI=0x0000000000000002, RDI=0x0000000000000008
R8 =0x0000000000000003, R9 =0x0000000000000400, R10=0x0000000057deb648, R11=0x0000000057deb650
R12=0x000000005657a2e0, R13=0x0000000057de4af0, R14=0x000000000000001c, R15=0x00000000000000e0
RIP=0x000000006541ef99, EFLAGS=0x0000000000010202

Top of Stack: (sp=0x0000000056d5b410)
0x0000000056d5b410:   00000000000000c8 0000000000000019
0x0000000056d5b420:   0000000057de4af0 000000005657a2e0
0x0000000056d5b430:   0000000000000001 0000000065413520
0x0000000056d5b440:   0000000000000008 0000000056710988
0x0000000056d5b450:   0000000056d5b4c9 0000000056800c00
0x0000000056d5b460:   0000000057decad8 0000000057deb510
0x0000000056d5b470:   000000005657a2e0 0000000000000020
0x0000000056d5b480:   0000000057deb650 000000000000001d
0x0000000056d5b490:   000000006559f2e8 000000005657a2e0
0x0000000056d5b4a0:   0000000000000010 0000000057deb510
0x0000000056d5b4b0:   0000000000000000 0000000056803cd0
0x0000000056d5b4c0:   0000000056800c00 000000005657a2e0
0x0000000056d5b4d0:   0000000000000020 0000000057deb550
0x0000000056d5b4e0:   0000000000000014 000000005692a600
0x0000000056d5b4f0:   0000000000000000 0000000056803cd0
0x0000000056d5b500:   0000000056803c38 0000000056803c38 

Instructions: (pc=0x000000006541ef99)
0x000000006541ef79:   0f b6 41 2c 24 3f 3c 20 75 62 48 8b 41 08 48 39
0x000000006541ef89:   10 75 52 e8 3f d3 f6 ff 48 8b d0 48 85 c0 74 4f
0x000000006541ef99:   0f b6 42 2c 24 1f 3c 18 75 20 83 7a 30 00 75 07
0x000000006541efa9:   48 8b 42 08 48 8b 10 48 85 d2 74 30 48 83 7a 10 


Register to memory mapping:

RAX=0x0000000056710970 is an unknown value
RBX=0x0000000057e04a68 is an unknown value
RCX=0x0000000057e04a68 is an unknown value
RDX=0x0000000000e047a8 is an unknown value
RSP=0x0000000056d5b410 is pointing into the stack for thread: 0x000000005513b800
RBP=0x0000000056d5b4c9 is pointing into the stack for thread: 0x000000005513b800
RSI=0x0000000000000002 is an unknown value
RDI=0x0000000000000008 is an unknown value
R8 =0x0000000000000003 is an unknown value
R9 =0x0000000000000400 is an unknown value
R10=0x0000000057deb648 is an unknown value
R11=0x0000000057deb650 is an unknown value
R12=0x000000005657a2e0 is an unknown value
R13=0x0000000057de4af0 is an unknown value
R14=0x000000000000001c is an unknown value
R15=0x00000000000000e0 is an unknown value


Stack: [0x0000000056c60000,0x0000000056d60000],  sp=0x0000000056d5b410,  free space=1005k
Native frames: (J=compiled Java code, j=interpreted, Vv=VM code, C=native code)
V  [jvm.dll+0x4eef99]
V  [jvm.dll+0x4e3520]
V  [jvm.dll+0x4e5757]
V  [jvm.dll+0x4e57ba]
V  [jvm.dll+0x4e57ba]
V  [jvm.dll+0x4e57ba]
V  [jvm.dll+0x4e57ba]
V  [jvm.dll+0x4e57ba]
V  [jvm.dll+0x4e57ba]
V  [jvm.dll+0x4e57ba]
V  [jvm.dll+0x4e57ba]
V  [jvm.dll+0x4e57ba]
V  [jvm.dll+0x4e57ba]
V  [jvm.dll+0x4e6417]
V  [jvm.dll+0x4eb3bb]
V  [jvm.dll+0x508a23]
V  [jvm.dll+0x4909cf]
V  [jvm.dll+0x5033fa]
V  [jvm.dll+0x503e7e]
V  [jvm.dll+0x500fdf]
V  [jvm.dll+0x4fb937]
V  [jvm.dll+0x4fbcb9]
V  [jvm.dll+0x4fc24f]
V  [jvm.dll+0x455bf0]
V  [jvm.dll+0x47ab96]
V  [jvm.dll+0x502db7]
V  [jvm.dll+0x4fb937]
V  [jvm.dll+0x4fbcb9]
V  [jvm.dll+0x4fc24f]
V  [jvm.dll+0x455bf0]
V  [jvm.dll+0x47ab96]
V  [jvm.dll+0x502db7]
V  [jvm.dll+0x4fb937]
V  [jvm.dll+0x4fbcb9]
V  [jvm.dll+0x4fc24f]
V  [jvm.dll+0x455bf0]
V  [jvm.dll+0x47ab96]
V  [jvm.dll+0x502db7]
V  [jvm.dll+0x4fb937]
V  [jvm.dll+0x4fbcb9]
V  [jvm.dll+0x4fc24f]
V  [jvm.dll+0x455bf0]
V  [jvm.dll+0x47ab96]
V  [jvm.dll+0x502db7]
V  [jvm.dll+0x4fb937]
V  [jvm.dll+0x4fbcb9]
V  [jvm.dll+0x4fc24f]
V  [jvm.dll+0x455bf0]
V  [jvm.dll+0x47ab96]
V  [jvm.dll+0x502db7]
V  [jvm.dll+0x4fb937]
V  [jvm.dll+0x4fbcb9]
V  [jvm.dll+0x4fc24f]
V  [jvm.dll+0x455bf0]
V  [jvm.dll+0x47ab96]
V  [jvm.dll+0x502db7]
V  [jvm.dll+0x4fb937]
V  [jvm.dll+0x4fbcb9]
V  [jvm.dll+0x4fc24f]
V  [jvm.dll+0x455bf0]
V  [jvm.dll+0x4562ed]
V  [jvm.dll+0x47ab96]
V  [jvm.dll+0x502db7]
V  [jvm.dll+0x4fb937]
V  [jvm.dll+0x4fbcb9]
V  [jvm.dll+0x4fc24f]
V  [jvm.dll+0x455bf0]
V  [jvm.dll+0x4562ed]
V  [jvm.dll+0x47ab96]
V  [jvm.dll+0x502db7]
V  [jvm.dll+0x4fb937]
V  [jvm.dll+0x4fbcb9]
V  [jvm.dll+0x4fc24f]
V  [jvm.dll+0x455bf0]
V  [jvm.dll+0x4718e5]
V  [jvm.dll+0x454ce2]
V  [jvm.dll+0xa4be2]
V  [jvm.dll+0xa551f]
V  [jvm.dll+0x243ae4]
V  [jvm.dll+0x29a99a]
C  [msvcr100.dll+0x21d9f]
C  [msvcr100.dll+0x21e3b]
C  [kernel32.dll+0x159ed]
C  [ntdll.dll+0x2b371]


Current CompileTask:
C2:   1483  726       4       com.android.dx.ssa.SsaBasicBlock::forEachInsn (37 bytes)


---------------  P R O C E S S  ---------------

Java Threads: ( => current thread )
  0x000000005686e000 JavaThread "pool-2-thread-4" [_thread_blocked, id=5836, stack(0x0000000057af0000,0x0000000057bf0000)]
  0x0000000056867800 JavaThread "pool-2-thread-3" [_thread_in_Java, id=7128, stack(0x0000000057790000,0x0000000057890000)]
  0x000000005685f000 JavaThread "pool-2-thread-2" [_thread_in_Java, id=1888, stack(0x00000000578a0000,0x00000000579a0000)]
  0x000000005685d000 JavaThread "pool-3-thread-1" [_thread_blocked, id=4952, stack(0x0000000057630000,0x0000000057730000)]
  0x000000005685c000 JavaThread "pool-2-thread-1" [_thread_in_Java, id=6264, stack(0x0000000056e00000,0x0000000056f00000)]
  0x0000000056591000 JavaThread "Service Thread" daemon [_thread_blocked, id=6300, stack(0x0000000057240000,0x0000000057340000)]
  0x000000005658d000 JavaThread "C1 CompilerThread2" daemon [_thread_in_native, id=5680, stack(0x0000000057110000,0x0000000057210000)]
  0x000000005658c000 JavaThread "C2 CompilerThread1" daemon [_thread_in_native, id=6408, stack(0x0000000056f10000,0x0000000057010000)]
=>0x000000005513b800 JavaThread "C2 CompilerThread0" daemon [_thread_in_native, id=3504, stack(0x0000000056c60000,0x0000000056d60000)]
  0x000000005657b800 JavaThread "Attach Listener" daemon [_thread_blocked, id=952, stack(0x0000000056b10000,0x0000000056c10000)]
  0x000000005512b000 JavaThread "Signal Dispatcher" daemon [_thread_blocked, id=332, stack(0x00000000569b0000,0x0000000056ab0000)]
  0x0000000055119000 JavaThread "Finalizer" daemon [_thread_blocked, id=4916, stack(0x0000000056470000,0x0000000056570000)]
  0x00000000550d2000 JavaThread "Reference Handler" daemon [_thread_blocked, id=788, stack(0x0000000056150000,0x0000000056250000)]
  0x00000000024bf800 JavaThread "main" [_thread_in_Java, id=5924, stack(0x00000000027a0000,0x00000000028a0000)]

Other Threads:
  0x00000000550ca000 VMThread [stack: 0x00000000562e0000,0x00000000563e0000] [id=5544]
  0x0000000056625800 WatcherThread [stack: 0x0000000057450000,0x0000000057550000] [id=2612]

VM state:not at safepoint (normal execution)

VM Mutex/Monitor currently owned by a thread: None

Heap:
 PSYoungGen      total 26112K, used 16958K [0x00000000eab00000, 0x00000000ec800000, 0x0000000100000000)
  eden space 22528K, 75% used [0x00000000eab00000,0x00000000ebb8f8f0,0x00000000ec100000)
  from space 3584K, 0% used [0x00000000ec480000,0x00000000ec480000,0x00000000ec800000)
  to   space 3584K, 0% used [0x00000000ec100000,0x00000000ec100000,0x00000000ec480000)
 ParOldGen       total 60416K, used 0K [0x00000000c0000000, 0x00000000c3b00000, 0x00000000eab00000)
  object space 60416K, 0% used [0x00000000c0000000,0x00000000c0000000,0x00000000c3b00000)
 Metaspace       used 5804K, capacity 6706K, committed 6784K, reserved 1056768K
  class space    used 598K, capacity 618K, committed 640K, reserved 1048576K

Card table byte_map: [0x0000000011c60000,0x0000000011e70000] byte_map_base: 0x0000000011660000

Marking Bits: (ParMarkBitMap*) 0x0000000065742f70
 Begin Bits: [0x0000000012540000, 0x0000000013540000)
 End Bits:   [0x0000000013540000, 0x0000000014540000)

Polling page: 0x0000000000330000

CodeCache: size=245760Kb used=3332Kb max_used=3342Kb free=242427Kb
 bounds [0x00000000028a0000, 0x0000000002bf0000, 0x00000000118a0000]
 total_blobs=1053 nmethods=785 adapters=182
 compilation: enabled

Compilation events (10 events):
Event: 1.339 Thread 0x000000005658d000 nmethod 717 0x0000000002b66510 code [0x0000000002b66700, 0x0000000002b67188]
Event: 1.339 Thread 0x000000005658d000  715       3       com.android.dx.cf.code.RopperMachine::getSources (264 bytes)
Event: 1.349 Thread 0x000000005658d000 nmethod 715 0x0000000002b6de90 code [0x0000000002b6e4a0, 0x0000000002b72cd8]
Event: 1.349 Thread 0x000000005658d000  714   !   3       com.android.dx.cf.code.RopperMachine::run (1550 bytes)
Event: 1.352 Thread 0x000000005658c000 nmethod 733 0x0000000002b6d7d0 code [0x0000000002b6d940, 0x0000000002b6dbb8]
Event: 1.352 Thread 0x000000005658c000  734       4       com.android.dx.rop.code.RegisterSpecList::get (9 bytes)
Event: 1.354 Thread 0x000000005658c000 nmethod 734 0x0000000002b6d490 code [0x0000000002b6d5e0, 0x0000000002b6d698]
Event: 1.384 Thread 0x000000005658c000  739   !   4       com.android.dx.util.IntList::<init> (37 bytes)
Event: 1.388 Thread 0x000000005658c000 nmethod 739 0x0000000002b6cd90 code [0x0000000002b6cee0, 0x0000000002b6d018]
Event: 1.388 Thread 0x000000005658c000  740       4       com.android.dx.ssa.NormalSsaInsn::getSources (8 bytes)

GC Heap History (0 events):
No events

Deoptimization events (1 events):
Event: 1.186 Thread 0x000000005685f000 Uncommon trap: reason=unstable_if action=reinterpret pc=0x0000000002ab7520 method=java.util.HashMap.getNode(ILjava/lang/Object;)Ljava/util/HashMap$Node; @ 62

Internal exceptions (2 events):
Event: 0.244 Thread 0x00000000024bf800 Exception <a 'java/lang/NoSuchMethodError': Method sun.misc.Unsafe.defineClass(Ljava/lang/String;[BII)Ljava/lang/Class; name or signature does not match> (0x00000000eab07cc0) thrown at [C:\re\workspace\8-2-build-windows-amd64-cygwin\jdk8u91\6644\hotspot\srOÓÁ×1Ï?
Event: 0.244 Thread 0x00000000024bf800 Exception <a 'java/lang/NoSuchMethodError': Method sun.misc.Unsafe.prefetchRead(Ljava/lang/Object;J)V name or signature does not match> (0x00000000eab07fa8) thrown at [C:\re\workspace\8-2-build-windows-amd64-cygwin\jdk8u91\6644\hotspot\src\share\vm\prims\j

Events (10 events):
Event: 1.171 loading class com/android/dx/cf/code/BytecodeArray$ConstantParserVisitor done
Event: 1.186 Thread 0x000000005685f000 Uncommon trap: trap_request=0xffffff65 fr.pc=0x0000000002ab7520
Event: 1.186 Thread 0x000000005685f000 DEOPT PACKING pc=0x0000000002ab7520 sp=0x000000005799e740
Event: 1.186 Thread 0x000000005685f000 DEOPT UNPACKING pc=0x00000000028e582a sp=0x000000005799e6b8 mode 2
Event: 1.187 loading class com/android/dx/ssa/back/FirstFitLocalCombiningAllocator$Multiset
Event: 1.187 loading class com/android/dx/ssa/back/FirstFitLocalCombiningAllocator$Multiset done
Event: 1.281 loading class com/android/dx/cf/code/SwitchList
Event: 1.281 loading class com/android/dx/cf/code/SwitchList done
Event: 1.313 Executing VM operation: ForceSafepoint
Event: 1.331 Executing VM operation: ForceSafepoint done


Dynamic libraries:
0x000000013fce0000 - 0x000000013fd17000 	C:\Program Files\Java\jdk1.8.0_91\bin\java.exe
0x00000000773d0000 - 0x000000007757a000 	C:\Windows\SYSTEM32\ntdll.dll
0x00000000771b0000 - 0x00000000772cf000 	C:\Windows\system32\kernel32.dll
0x000007fefd670000 - 0x000007fefd6db000 	C:\Windows\system32\KERNELBASE.dll
0x000007feff580000 - 0x000007feff65b000 	C:\Windows\system32\ADVAPI32.dll
0x000007fefe3b0000 - 0x000007fefe44f000 	C:\Windows\system32\msvcrt.dll
0x000007fefe390000 - 0x000007fefe3af000 	C:\Windows\SYSTEM32\sechost.dll
0x000007fefd7e0000 - 0x000007fefd90d000 	C:\Windows\system32\RPCRT4.dll
0x00000000772d0000 - 0x00000000773ca000 	C:\Windows\system32\USER32.dll
0x000007fefe6e0000 - 0x000007fefe747000 	C:\Windows\system32\GDI32.dll
0x000007fefe370000 - 0x000007fefe37e000 	C:\Windows\system32\LPK.dll
0x000007fefe2a0000 - 0x000007fefe36a000 	C:\Windows\system32\USP10.dll
0x000007fefbef0000 - 0x000007fefc0e4000 	C:\Windows\WinSxS\amd64_microsoft.windows.common-controls_6595b64144ccf1df_6.0.7601.18837_none_fa3b1e3d17594757\COMCTL32.dll
0x000007feff4e0000 - 0x000007feff551000 	C:\Windows\system32\SHLWAPI.dll
0x000007fefe6b0000 - 0x000007fefe6de000 	C:\Windows\system32\IMM32.DLL
0x000007fefe190000 - 0x000007fefe299000 	C:\Windows\system32\MSCTF.dll
0x0000000064e50000 - 0x0000000064f22000 	C:\Program Files\Java\jdk1.8.0_91\jre\bin\msvcr100.dll
0x0000000064f30000 - 0x00000000657c3000 	C:\Program Files\Java\jdk1.8.0_91\jre\bin\server\jvm.dll
0x000007fefab40000 - 0x000007fefab49000 	C:\Windows\system32\WSOCK32.dll
0x000007fefd910000 - 0x000007fefd95d000 	C:\Windows\system32\WS2_32.dll
0x000007fefe380000 - 0x000007fefe388000 	C:\Windows\system32\NSI.dll
0x000007fef9900000 - 0x000007fef993b000 	C:\Windows\system32\WINMM.dll
0x000007fefc3e0000 - 0x000007fefc3ec000 	C:\Windows\system32\VERSION.dll
0x00000000775a0000 - 0x00000000775a7000 	C:\Windows\system32\PSAPI.DLL
0x0000000073fa0000 - 0x0000000073faf000 	C:\Program Files\Java\jdk1.8.0_91\jre\bin\verify.dll
0x0000000073dd0000 - 0x0000000073df9000 	C:\Program Files\Java\jdk1.8.0_91\jre\bin\java.dll
0x0000000073f00000 - 0x0000000073f16000 	C:\Program Files\Java\jdk1.8.0_91\jre\bin\zip.dll
0x000007fefe750000 - 0x000007feff4d9000 	C:\Windows\system32\SHELL32.dll
0x000007fefdf80000 - 0x000007fefe183000 	C:\Windows\system32\ole32.dll
0x000007fefd2d0000 - 0x000007fefd2df000 	C:\Windows\system32\profapi.dll
0x000007fef3360000 - 0x000007fef3485000 	C:\Windows\system32\dbghelp.dll

VM Arguments:
jvm_args: -Djava.awt.headless=true -Xmx1024M -Dfile.encoding=GBK -Duser.country=CN -Duser.language=zh -Duser.variant 
java_command: com.android.dx.command.Main --dex --force-jumbo --num-threads=4 --multi-dex --output E:\github\yuanmu\app\build\intermediates\transforms\dex\debug\folders\1000\10\com.android.support-recyclerview-v7-24.0.0_40e685faf9d15b9a3aa3894cd7b6c591ab2a89cf E:\github\yuanmu\app\build\intermediates\exploded-aar\com.android.support\recyclerview-v7\24.0.0\jars\classes.jar
java_class_path (initial): F:\AS\sdk\build-tools\24.0.1\lib\dx.jar
Launcher Type: SUN_STANDARD

Environment Variables:
CLASSPATH=.;%JAVA_HOME%\lib;%JAVA_HOME%\lib\tools.jar
PATH=C:\ProgramData\Oracle\Java\javapath;C:\Windows\system32;C:\Windows;C:\Windows\System32\Wbem;C:\Windows\System32\WindowsPowerShell\v1.0\;F:\SVN\bin;F:\VisualSVN Server\bin
USERNAME=Administrator
OS=Windows_NT
PROCESSOR_IDENTIFIER=AMD64 Family 16 Model 5 Stepping 2, AuthenticAMD



---------------  S Y S T E M  ---------------

OS: Windows 7 , 64 bit Build 7601 (6.1.7601.19135)

CPU:total 4 (4 cores per cpu, 1 threads per core) family 16 model 5 stepping 2, cmov, cx8, fxsr, mmx, sse, sse2, sse3, popcnt, mmxext, 3dnowpref, lzcnt, sse4a, tsc, tscinvbit, tscinv

Memory: 4k page, physical 5764664k(1541200k free), swap 11527492k(6248180k free)

vm_info: Java HotSpot(TM) 64-Bit Server VM (25.91-b14) for windows-amd64 JRE (1.8.0_91-b14), built on Apr  1 2016 00:58:32 by "java_re" with MS VC++ 10.0 (VS2010)

time: Wed Sep 28 09:36:33 2016
elapsed time: 1 seconds (0d 0h 0m 1s)

