#
# A fatal error has been detected by the Java Runtime Environment:
#
#  EXCEPTION_ACCESS_VIOLATION (0xc0000005) at pc=0x000000006ce1eb40, pid=2808, tid=6564
#
# JRE version: Java(TM) SE Runtime Environment (8.0_91-b14) (build 1.8.0_91-b14)
# Java VM: Java HotSpot(TM) 64-Bit Server VM (25.91-b14 mixed mode windows-amd64 compressed oops)
# Problematic frame:
# V  [jvm.dll+0xaeb40]
#
# Failed to write core dump. Minidumps are not enabled by default on client versions of Windows
#
# If you would like to submit a bug report, please visit:
#   http://bugreport.java.com/bugreport/crash.jsp
#

---------------  T H R E A D  ---------------

Current thread (0x00000000024a1000):  GCTaskThread [stack: 0x00000000125d0000,0x00000000126d0000] [id=6564]

siginfo: ExceptionCode=0xc0000005, reading address 0x0000000000000008

Registers:
RAX=0x0000000000000000, RBX=0x00000000eb8e9ee0, RCX=0x00000000eb8e9ee0, RDX=0x0000000000000000
RSP=0x00000000126cfb78, RBP=0x0000000000000000, RSI=0x0000000055257600, RDI=0x0000000055257600
R8 =0x0000000055257600, R9 =0x000000000000000b, R10=0x0000000000000008, R11=0x00000000ec12f778
R12=0x000000006d389d10, R13=0x0000000000000000, R14=0x0000000000000000, R15=0x00000000024a12f0
RIP=0x000000006ce1eb40, EFLAGS=0x0000000000010246

Top of Stack: (sp=0x00000000126cfb78)
0x00000000126cfb78:   000000006d16c702 00000000eb95edd0
0x00000000126cfb88:   0000000000000003 0000000055257600
0x00000000126cfb98:   00000000ec1007ad 00000000ec127788
0x00000000126cfba8:   0000000000001000 0000000057a9f200
0x00000000126cfbb8:   0000000057a9f204 0000000000000000
0x00000000126cfbc8:   0000000002499b00 000000006d389d10
0x00000000126cfbd8:   000000006d16ca70 00000000ec12b91c
0x00000000126cfbe8:   0000000000000000 0000000055257600
0x00000000126cfbf8:   0000000055257600 00000000ec12b91c
0x00000000126cfc08:   000000006d16d615 00000000eb8fe238
0x00000000126cfc18:   0000000000000000 0000000055257600
0x00000000126cfc28:   000000006d16f406 000000005669cbf0
0x00000000126cfc38:   03030000fffffcff 0303030303030303
0x00000000126cfc48:   0000030303030303 00000000024a1200
0x00000000126cfc58:   000000005671b000 000000006d3bce01
0x00000000126cfc68:   000000006cf85101 0000108b5e82abb4 

Instructions: (pc=0x000000006ce1eb40)
0x000000006ce1eb20:   4c ab 1d 00 48 8b 9c 24 d0 00 00 00 48 81 c4 c0
0x000000006ce1eb30:   00 00 00 5d c3 cc cc cc cc cc cc cc cc cc cc cc
0x000000006ce1eb40:   44 8b 42 08 4c 8b ca 45 85 c0 7e 0e 41 f6 c0 01
0x000000006ce1eb50:   75 57 41 c1 f8 03 41 8b c0 c3 79 4d 80 3d ce 50 


Register to memory mapping:

RAX=0x0000000000000000 is an unknown value
RBX=0x00000000eb8e9ee0 is an unknown value
RCX=0x00000000eb8e9ee0 is an unknown value
RDX=0x0000000000000000 is an unknown value
RSP=0x00000000126cfb78 is an unknown value
RBP=0x0000000000000000 is an unknown value
RSI=0x0000000055257600 is an unknown value
RDI=0x0000000055257600 is an unknown value
R8 =0x0000000055257600 is an unknown value
R9 =0x000000000000000b is an unknown value
R10=0x0000000000000008 is an unknown value
R11=0x00000000ec12f778 is an unknown value
R12=0x000000006d389d10 is an unknown value
R13=0x0000000000000000 is an unknown value
R14=0x0000000000000000 is an unknown value
R15=0x00000000024a12f0 is an unknown value


Stack: [0x00000000125d0000,0x00000000126d0000],  sp=0x00000000126cfb78,  free space=1022k
Native frames: (J=compiled Java code, j=interpreted, Vv=VM code, C=native code)


---------------  P R O C E S S  ---------------

Java Threads: ( => current thread )
  0x000000005671b000 JavaThread "pool-2-thread-4" [_thread_blocked, id=5180, stack(0x00000000579a0000,0x0000000057aa0000)]
  0x000000005671a000 JavaThread "pool-2-thread-3" [_thread_blocked, id=7144, stack(0x0000000057010000,0x0000000057110000)]
  0x00000000566fc800 JavaThread "pool-2-thread-2" [_thread_blocked, id=6396, stack(0x0000000057830000,0x0000000057930000)]
  0x000000005669b800 JavaThread "pool-3-thread-1" [_thread_blocked, id=3496, stack(0x00000000576d0000,0x00000000577d0000)]
  0x0000000056699000 JavaThread "pool-2-thread-1" [_thread_blocked, id=3480, stack(0x00000000574b0000,0x00000000575b0000)]
  0x0000000056590000 JavaThread "Service Thread" daemon [_thread_blocked, id=5008, stack(0x0000000057150000,0x0000000057250000)]
  0x00000000564fe800 JavaThread "C1 CompilerThread2" daemon [_thread_blocked, id=6252, stack(0x0000000056ec0000,0x0000000056fc0000)]
  0x00000000552cf800 JavaThread "C2 CompilerThread1" daemon [_thread_blocked, id=5304, stack(0x0000000056b50000,0x0000000056c50000)]
  0x00000000552cd000 JavaThread "C2 CompilerThread0" daemon [_thread_blocked, id=2836, stack(0x0000000056cc0000,0x0000000056dc0000)]
  0x00000000564eb800 JavaThread "Attach Listener" daemon [_thread_blocked, id=2096, stack(0x0000000056a50000,0x0000000056b50000)]
  0x00000000552bd000 JavaThread "Signal Dispatcher" daemon [_thread_blocked, id=5780, stack(0x00000000568e0000,0x00000000569e0000)]
  0x00000000552a9000 JavaThread "Finalizer" daemon [_thread_blocked, id=4264, stack(0x00000000560e0000,0x00000000561e0000)]
  0x0000000055262000 JavaThread "Reference Handler" daemon [_thread_blocked, id=6960, stack(0x00000000563e0000,0x00000000564e0000)]
  0x00000000002ff800 JavaThread "main" [_thread_blocked, id=5624, stack(0x00000000026a0000,0x00000000027a0000)]

Other Threads:
  0x000000005525a000 VMThread [stack: 0x0000000056220000,0x0000000056320000] [id=6824]
  0x00000000565b0800 WatcherThread [stack: 0x00000000572f0000,0x00000000573f0000] [id=5212]

=>0x00000000024a1000 (exited) GCTaskThread [stack: 0x00000000125d0000,0x00000000126d0000] [id=6564]

VM state:at safepoint (normal execution)

VM Mutex/Monitor currently owned by a thread:  ([mutex/lock_event])
[0x00000000002fc0e0] Threads_lock - owner thread: 0x000000005525a000
[0x00000000002fc5e0] Heap_lock - owner thread: 0x00000000002ff800

Heap:
 PSYoungGen      total 26112K, used 22528K [0x00000000eab00000, 0x00000000ec800000, 0x0000000100000000)
  eden space 22528K, 100% used [0x00000000eab00000,0x00000000ec100000,0x00000000ec100000)
  from space 3584K, 0% used [0x00000000ec480000,0x00000000ec480000,0x00000000ec800000)
  to   space 3584K, 96% used [0x00000000ec100000,0x00000000ec460260,0x00000000ec480000)
 ParOldGen       total 60416K, used 16K [0x00000000c0000000, 0x00000000c3b00000, 0x00000000eab00000)
  object space 60416K, 0% used [0x00000000c0000000,0x00000000c0004000,0x00000000c3b00000)
 Metaspace       used 5917K, capacity 6836K, committed 7040K, reserved 1056768K
  class space    used 600K, capacity 620K, committed 640K, reserved 1048576K

Card table byte_map: [0x0000000011b60000,0x0000000011d70000] byte_map_base: 0x0000000011560000

Marking Bits: (ParMarkBitMap*) 0x000000006d582f70
 Begin Bits: [0x00000000126d0000, 0x00000000136d0000)
 End Bits:   [0x00000000136d0000, 0x00000000146d0000)

Polling page: 0x0000000000340000

CodeCache: size=245760Kb used=4164Kb max_used=4164Kb free=241595Kb
 bounds [0x00000000027a0000, 0x0000000002bc0000, 0x00000000117a0000]
 total_blobs=1296 nmethods=1028 adapters=182
 compilation: enabled

Compilation events (10 events):
Event: 1.314 Thread 0x00000000564fe800 1013       1       com.android.dx.rop.code.ThrowingInsn::getCatches (5 bytes)
Event: 1.314 Thread 0x00000000564fe800 nmethod 1013 0x0000000002bb3d10 code [0x0000000002bb3e60, 0x0000000002bb3f70]
Event: 1.314 Thread 0x00000000564fe800  925       1       com.android.dx.rop.code.SourcePosition::getLine (5 bytes)
Event: 1.314 Thread 0x00000000564fe800 nmethod 925 0x0000000002bb3fd0 code [0x0000000002bb4120, 0x0000000002bb4230]
Event: 1.314 Thread 0x00000000564fe800 1034       1       java.util.HashMap::size (5 bytes)
Event: 1.314 Thread 0x00000000564fe800 nmethod 1034 0x0000000002bb4290 code [0x0000000002bb43e0, 0x0000000002bb44f0]
Event: 1.314 Thread 0x00000000564fe800  990       1       com.android.dx.cf.attrib.AttCode::getMaxStack (5 bytes)
Event: 1.314 Thread 0x00000000564fe800 nmethod 990 0x0000000002bb4550 code [0x0000000002bb46a0, 0x0000000002bb47b0]
Event: 1.314 Thread 0x00000000564fe800 1038       1       com.android.dx.cf.attrib.AttSourceFile::getSourceFile (5 bytes)
Event: 1.314 Thread 0x00000000564fe800 nmethod 1038 0x0000000002bb4810 code [0x0000000002bb4960, 0x0000000002bb4a70]

GC Heap History (1 events):
Event: 1.332 GC heap before
{Heap before GC invocations=1 (full 0):
 PSYoungGen      total 26112K, used 22528K [0x00000000eab00000, 0x00000000ec800000, 0x0000000100000000)
  eden space 22528K, 100% used [0x00000000eab00000,0x00000000ec100000,0x00000000ec100000)
  from space 3584K, 0% used [0x00000000ec480000,0x00000000ec480000,0x00000000ec800000)
  to   space 3584K, 0% used [0x00000000ec100000,0x00000000ec100000,0x00000000ec480000)
 ParOldGen       total 60416K, used 0K [0x00000000c0000000, 0x00000000c3b00000, 0x00000000eab00000)
  object space 60416K, 0% used [0x00000000c0000000,0x00000000c0000000,0x00000000c3b00000)
 Metaspace       used 5917K, capacity 6836K, committed 7040K, reserved 1056768K
  class space    used 600K, capacity 620K, committed 640K, reserved 1048576K

Deoptimization events (2 events):
Event: 1.294 Thread 0x000000005671a000 Uncommon trap: reason=unstable_if action=reinterpret pc=0x00000000029ca3a4 method=java.util.BitSet.ensureCapacity(I)V @ 6
Event: 1.317 Thread 0x0000000056699000 Uncommon trap: reason=null_check action=make_not_entrant pc=0x0000000002a155f8 method=com.android.dx.ssa.SsaRenamer.getLocalForNewReg(I)Lcom/android/dx/rop/code/LocalItem; @ 19

Internal exceptions (7 events):
Event: 0.040 Thread 0x00000000002ff800 Exception <a 'java/lang/NoSuchMethodError': Method sun.misc.Unsafe.defineClass(Ljava/lang/String;[BII)Ljava/lang/Class; name or signature does not match> (0x00000000eab07cc0) thrown at [C:\re\workspace\8-2-build-windows-amd64-cygwin\jdk8u91\6644\hotspot\sr5^Ë!ª¤?
Event: 0.040 Thread 0x00000000002ff800 Exception <a 'java/lang/NoSuchMethodError': Method sun.misc.Unsafe.prefetchRead(Ljava/lang/Object;J)V name or signature does not match> (0x00000000eab07fa8) thrown at [C:\re\workspace\8-2-build-windows-amd64-cygwin\jdk8u91\6644\hotspot\src\share\vm\prims\j³tDºàô?
Event: 1.305 Thread 0x000000005671b000 Implicit null exception at 0x0000000002a76fec to 0x0000000002a774df
Event: 1.305 Thread 0x000000005671b000 Exception <a 'java/lang/NullPointerException'> (0x00000000ebf46da8) thrown at [C:\re\workspace\8-2-build-windows-amd64-cygwin\jdk8u91\6644\hotspot\src\share\vm\runtime\sharedRuntime.cpp, line 605]
Event: 1.317 Thread 0x0000000056699000 Implicit null exception at 0x0000000002a1432b to 0x0000000002a155d1
Event: 1.331 Thread 0x000000005671b000 Implicit null exception at 0x0000000002a76fec to 0x0000000002a774df
Event: 1.331 Thread 0x000000005671b000 Exception <a 'java/lang/NullPointerException'> (0x00000000ebf95ff8) thrown at [C:\re\workspace\8-2-build-windows-amd64-cygwin\jdk8u91\6644\hotspot\src\share\vm\runtime\sharedRuntime.cpp, line 605]

Events (10 events):
Event: 0.871 Executing VM operation: ForceSafepoint done
Event: 1.254 loading class com/android/dx/cf/code/SwitchList
Event: 1.254 loading class com/android/dx/cf/code/SwitchList done
Event: 1.294 Thread 0x000000005671a000 Uncommon trap: trap_request=0xffffff65 fr.pc=0x00000000029ca3a4
Event: 1.294 Thread 0x000000005671a000 DEOPT PACKING pc=0x00000000029ca3a4 sp=0x000000005710eac0
Event: 1.294 Thread 0x000000005671a000 DEOPT UNPACKING pc=0x00000000027e582a sp=0x000000005710e998 mode 2
Event: 1.317 Thread 0x0000000056699000 Uncommon trap: trap_request=0xfffffff4 fr.pc=0x0000000002a155f8
Event: 1.317 Thread 0x0000000056699000 DEOPT PACKING pc=0x0000000002a155f8 sp=0x00000000575ae830
Event: 1.317 Thread 0x0000000056699000 DEOPT UNPACKING pc=0x00000000027e582a sp=0x00000000575ae668 mode 2
Event: 1.331 Executing VM operation: ParallelGCFailedAllocation


Dynamic libraries:
0x000000013fe20000 - 0x000000013fe57000 	C:\Program Files\Java\jdk1.8.0_91\bin\java.exe
0x0000000077060000 - 0x000000007720a000 	C:\Windows\SYSTEM32\ntdll.dll
0x0000000076f40000 - 0x000000007705f000 	C:\Windows\system32\kernel32.dll
0x000007fefd0f0000 - 0x000007fefd15b000 	C:\Windows\system32\KERNELBASE.dll
0x000007fefeb40000 - 0x000007fefec1b000 	C:\Windows\system32\ADVAPI32.dll
0x000007fefd370000 - 0x000007fefd40f000 	C:\Windows\system32\msvcrt.dll
0x000007fefd4e0000 - 0x000007fefd4ff000 	C:\Windows\SYSTEM32\sechost.dll
0x000007fefef10000 - 0x000007feff03d000 	C:\Windows\system32\RPCRT4.dll
0x0000000076e40000 - 0x0000000076f3a000 	C:\Windows\system32\USER32.dll
0x000007fefead0000 - 0x000007fefeb37000 	C:\Windows\system32\GDI32.dll
0x000007fefe890000 - 0x000007fefe89e000 	C:\Windows\system32\LPK.dll
0x000007fefe7c0000 - 0x000007fefe88a000 	C:\Windows\system32\USP10.dll
0x000007fefb8b0000 - 0x000007fefbaa4000 	C:\Windows\WinSxS\amd64_microsoft.windows.common-controls_6595b64144ccf1df_6.0.7601.18837_none_fa3b1e3d17594757\COMCTL32.dll
0x000007fefd500000 - 0x000007fefd571000 	C:\Windows\system32\SHLWAPI.dll
0x000007fefec20000 - 0x000007fefec4e000 	C:\Windows\system32\IMM32.DLL
0x000007fefd580000 - 0x000007fefd689000 	C:\Windows\system32\MSCTF.dll
0x000000006ae20000 - 0x000000006aef2000 	C:\Program Files\Java\jdk1.8.0_91\jre\bin\msvcr100.dll
0x000000006cd70000 - 0x000000006d603000 	C:\Program Files\Java\jdk1.8.0_91\jre\bin\server\jvm.dll
0x000007fef3640000 - 0x000007fef3649000 	C:\Windows\system32\WSOCK32.dll
0x000007fefd410000 - 0x000007fefd45d000 	C:\Windows\system32\WS2_32.dll
0x000007fefd690000 - 0x000007fefd698000 	C:\Windows\system32\NSI.dll
0x000007fef6c20000 - 0x000007fef6c5b000 	C:\Windows\system32\WINMM.dll
0x000007fefbd60000 - 0x000007fefbd6c000 	C:\Windows\system32\VERSION.dll
0x0000000077220000 - 0x0000000077227000 	C:\Windows\system32\PSAPI.DLL
0x000000006d910000 - 0x000000006d91f000 	C:\Program Files\Java\jdk1.8.0_91\jre\bin\verify.dll
0x000000006cc60000 - 0x000000006cc89000 	C:\Program Files\Java\jdk1.8.0_91\jre\bin\java.dll
0x000000006cc40000 - 0x000000006cc56000 	C:\Program Files\Java\jdk1.8.0_91\jre\bin\zip.dll
0x000007fefd820000 - 0x000007fefe5a9000 	C:\Windows\system32\SHELL32.dll
0x000007fefe5b0000 - 0x000007fefe7b3000 	C:\Windows\system32\ole32.dll
0x000007fefcf60000 - 0x000007fefcf6f000 	C:\Windows\system32\profapi.dll
0x000007fef31e0000 - 0x000007fef3305000 	C:\Windows\system32\dbghelp.dll

VM Arguments:
jvm_args: -Djava.awt.headless=true -Xmx1024M -Dfile.encoding=GBK -Duser.country=CN -Duser.language=zh -Duser.variant 
java_command: com.android.dx.command.Main --dex --force-jumbo --num-threads=4 --multi-dex --output F:\AS\Project\yuanmu\app\build\intermediates\transforms\dex\debug\folders\1000\2\okio-1.7.0_8c65aa5ae1fa50385043456f10fd6a4117c57fe3 F:\AS\Project\yuanmu\app\libs\okio-1.7.0.jar
java_class_path (initial): F:\AS\sdk\build-tools\24.0.1\lib\dx.jar
Launcher Type: SUN_STANDARD

Environment Variables:
CLASSPATH=.;%JAVA_HOME%\lib;%JAVA_HOME%\lib\tools.jar
PATH=C:\ProgramData\Oracle\Java\javapath;C:\Windows\system32;C:\Windows;C:\Windows\System32\Wbem;C:\Windows\System32\WindowsPowerShell\v1.0\;F:\SVN\bin;F:\VisualSVN Server\bin
USERNAME=Administrator
OS=Windows_NT
PROCESSOR_IDENTIFIER=AMD64 Family 16 Model 5 Stepping 2, AuthenticAMD



---------------  S Y S T E M  ---------------

OS: Windows 7 , 64 bit Build 7601 (6.1.7601.19135)

CPU:total 4 (4 cores per cpu, 1 threads per core) family 16 model 5 stepping 2, cmov, cx8, fxsr, mmx, sse, sse2, sse3, popcnt, mmxext, 3dnowpref, lzcnt, sse4a, tsc, tscinvbit, tscinv

Memory: 4k page, physical 5764664k(1529216k free), swap 11527492k(6724156k free)

vm_info: Java HotSpot(TM) 64-Bit Server VM (25.91-b14) for windows-amd64 JRE (1.8.0_91-b14), built on Apr  1 2016 00:58:32 by "java_re" with MS VC++ 10.0 (VS2010)

time: Sat Sep 17 10:19:20 2016
elapsed time: 2 seconds (0d 0h 0m 2s)

