#
# A fatal error has been detected by the Java Runtime Environment:
#
#  EXCEPTION_ACCESS_VIOLATION (0xc0000005) at pc=0x000000006ce587b5, pid=5484, tid=6044
#
# JRE version: Java(TM) SE Runtime Environment (8.0_91-b14) (build 1.8.0_91-b14)
# Java VM: Java HotSpot(TM) 64-Bit Server VM (25.91-b14 mixed mode windows-amd64 compressed oops)
# Problematic frame:
# V  [jvm.dll+0x4987b5]
#
# Failed to write core dump. Minidumps are not enabled by default on client versions of Windows
#
# If you would like to submit a bug report, please visit:
#   http://bugreport.java.com/bugreport/crash.jsp
#

---------------  T H R E A D  ---------------

Current thread (0x00000000563ed000):  JavaThread "C2 CompilerThread1" daemon [_thread_in_native, id=6044, stack(0x0000000056dd0000,0x0000000056ed0000)]

siginfo: ExceptionCode=0xc0000005, reading address 0x00000000d044de30

Registers:
RAX=0x00000000d044de28, RBX=0x0000000000000000, RCX=0x000000000000090c, RDX=0x0000000000000038
RSP=0x0000000056ecc270, RBP=0x000000005970d110, RSI=0x000000005644ddc0, RDI=0x0000000000000001
R8 =0x000000000000026c, R9 =0x0000000058bb6360, R10=0x0000000056ecc380, R11=0x0000000056ecc240
R12=0x0000000000000008, R13=0x000000006d1d36a8, R14=0x0000000000000000, R15=0x0000000056ecc670
RIP=0x000000006ce587b5, EFLAGS=0x0000000000010206

Top of Stack: (sp=0x0000000056ecc270)
0x0000000056ecc270:   0000000000000000 0000000000000009
0x0000000056ecc280:   000000005970d110 0000000000000009
0x0000000056ecc290:   0000000000000007 0000000000000888
0x0000000056ecc2a0:   000000005970d110 00000000587e7a40
0x0000000056ecc2b0:   0000000056ecc380 00000000572aada8
0x0000000056ecc2c0:   00000000572aa9d0 0000000000000000
0x0000000056ecc2d0:   0000000056ecc670 00000000572aa9c0
0x0000000056ecc2e0:   0000000056ecc400 0000000056ecc780
0x0000000056ecc2f0:   00000000000003d8 000000006ce2426a
0x0000000056ecc300:   000000000000026c 0000000000000007
0x0000000056ecc310:   0000000000000111 0000000000000038
0x0000000056ecc320:   0000000000000002 00000000572aa9c0
0x0000000056ecc330:   00000000587d37e0 00000000587e36f0
0x0000000056ecc340:   00000000587e36f0 0000000000111cf8
0x0000000056ecc350:   0000000000000002 0000000056436990
0x0000000056ecc360:   0000000056436990 00000000564369a0 

Instructions: (pc=0x000000006ce587b5)
0x000000006ce58795:   46 2c 24 0f 3c 0c 0f 84 83 00 00 00 bf 01 00 00
0x000000006ce587a5:   00 39 7e 18 76 79 41 bc 08 00 00 00 48 8b 46 08
0x000000006ce587b5:   49 8b 0c 04 49 8b 87 28 01 00 00 48 63 51 28 8b
0x000000006ce587c5:   1c 90 85 db 74 4e 48 8b 45 08 8b cb 48 c1 e9 08 


Register to memory mapping:

RAX=0x00000000d044de28 is an unallocated location in the heap
RBX=0x0000000000000000 is an unknown value
RCX=0x000000000000090c is an unknown value
RDX=0x0000000000000038 is an unknown value
RSP=0x0000000056ecc270 is pointing into the stack for thread: 0x00000000563ed000
RBP=0x000000005970d110 is an unknown value
RSI=0x000000005644ddc0 is an unknown value
RDI=0x0000000000000001 is an unknown value
R8 =0x000000000000026c is an unknown value
R9 =0x0000000058bb6360 is an unknown value
R10=0x0000000056ecc380 is pointing into the stack for thread: 0x00000000563ed000
R11=0x0000000056ecc240 is pointing into the stack for thread: 0x00000000563ed000
R12=0x0000000000000008 is an unknown value
R13=0x000000006d1d36a8 is an unknown value
R14=0x0000000000000000 is an unknown value
R15=0x0000000056ecc670 is pointing into the stack for thread: 0x00000000563ed000


Stack: [0x0000000056dd0000,0x0000000056ed0000],  sp=0x0000000056ecc270,  free space=1008k
Native frames: (J=compiled Java code, j=interpreted, Vv=VM code, C=native code)
V  [jvm.dll+0x4987b5]
V  [jvm.dll+0x46426a]
V  [jvm.dll+0x46f55b]
V  [jvm.dll+0x471b72]
V  [jvm.dll+0x454ce2]
V  [jvm.dll+0xa4be2]
V  [jvm.dll+0xa551f]
V  [jvm.dll+0x243ae4]
V  [jvm.dll+0x29a99a]
C  [msvcr100.dll+0x21d9f]
C  [msvcr100.dll+0x21e3b]
C  [kernel32.dll+0x159ed]
C  [ntdll.dll+0x2b371]


Current CompileTask:
C2:  10897 2149 %     4       com.android.dx.ssa.SCCP::run @ 13 (298 bytes)


---------------  P R O C E S S  ---------------

Java Threads: ( => current thread )
  0x00000000572f5800 JavaThread "pool-2-thread-4" [_thread_blocked, id=1180, stack(0x00000000580d0000,0x00000000581d0000)]
  0x00000000572f4800 JavaThread "pool-2-thread-3" [_thread_in_Java, id=5912, stack(0x0000000057ee0000,0x0000000057fe0000)]
  0x00000000572f2800 JavaThread "pool-2-thread-2" [_thread_blocked, id=6780, stack(0x0000000057da0000,0x0000000057ea0000)]
  0x00000000572f0800 JavaThread "pool-3-thread-1" [_thread_blocked, id=6404, stack(0x0000000056ee0000,0x0000000056fe0000)]
  0x0000000056637800 JavaThread "pool-2-thread-1" [_thread_in_Java, id=6492, stack(0x0000000057b30000,0x0000000057c30000)]
  0x000000005642a000 JavaThread "Service Thread" daemon [_thread_blocked, id=5588, stack(0x0000000056800000,0x0000000056900000)]
  0x00000000563ee000 JavaThread "C1 CompilerThread2" daemon [_thread_blocked, id=3200, stack(0x0000000056ff0000,0x00000000570f0000)]
=>0x00000000563ed000 JavaThread "C2 CompilerThread1" daemon [_thread_in_native, id=6044, stack(0x0000000056dd0000,0x0000000056ed0000)]
  0x00000000563da800 JavaThread "C2 CompilerThread0" daemon [_thread_in_native, id=6564, stack(0x0000000056be0000,0x0000000056ce0000)]
  0x00000000563d9800 JavaThread "Attach Listener" daemon [_thread_blocked, id=5768, stack(0x0000000056aa0000,0x0000000056ba0000)]
  0x0000000054fee800 JavaThread "Signal Dispatcher" daemon [_thread_blocked, id=876, stack(0x0000000056930000,0x0000000056a30000)]
  0x0000000054fdc000 JavaThread "Finalizer" daemon [_thread_blocked, id=4656, stack(0x00000000562d0000,0x00000000563d0000)]
  0x0000000054f95800 JavaThread "Reference Handler" daemon [_thread_blocked, id=5892, stack(0x00000000561a0000,0x00000000562a0000)]
  0x00000000024cf800 JavaThread "main" [_thread_blocked, id=5568, stack(0x00000000026a0000,0x00000000027a0000)]

Other Threads:
  0x0000000054f8e000 VMThread [stack: 0x0000000055f50000,0x0000000056050000] [id=2088]
  0x0000000056474000 WatcherThread [stack: 0x0000000057190000,0x0000000057290000] [id=4740]

VM state:not at safepoint (normal execution)

VM Mutex/Monitor currently owned by a thread: None

Heap:
 PSYoungGen      total 196096K, used 155529K [0x00000000eab00000, 0x00000000f8800000, 0x0000000100000000)
  eden space 176640K, 77% used [0x00000000eab00000,0x00000000f3172be8,0x00000000f5780000)
  from space 19456K, 91% used [0x00000000f6e00000,0x00000000f7f6fa28,0x00000000f8100000)
  to   space 23040K, 0% used [0x00000000f5780000,0x00000000f5780000,0x00000000f6e00000)
 ParOldGen       total 60416K, used 29163K [0x00000000c0000000, 0x00000000c3b00000, 0x00000000eab00000)
  object space 60416K, 48% used [0x00000000c0000000,0x00000000c1c7af50,0x00000000c3b00000)
 Metaspace       used 6588K, capacity 7256K, committed 7424K, reserved 1056768K
  class space    used 625K, capacity 656K, committed 768K, reserved 1048576K

Card table byte_map: [0x0000000011b60000,0x0000000011d70000] byte_map_base: 0x0000000011560000

Marking Bits: (ParMarkBitMap*) 0x000000006d1d2f70
 Begin Bits: [0x0000000012400000, 0x0000000013400000)
 End Bits:   [0x0000000013400000, 0x0000000014400000)

Polling page: 0x0000000000430000

CodeCache: size=245760Kb used=9219Kb max_used=9219Kb free=236540Kb
 bounds [0x00000000027a0000, 0x00000000030b0000, 0x00000000117a0000]
 total_blobs=2379 nmethods=2110 adapters=182
 compilation: enabled

Compilation events (10 events):
Event: 10.661 Thread 0x00000000563ee000 2177       2       com.android.dx.rop.type.Type::isCategory1 (36 bytes)
Event: 10.661 Thread 0x00000000563ee000 nmethod 2177 0x000000000307de10 code [0x000000000307df60, 0x000000000307e0d0]
Event: 10.680 Thread 0x00000000563ee000 2178       2       com.android.dx.rop.code.Rops::opPutStatic (97 bytes)
Event: 10.680 Thread 0x00000000563ee000 nmethod 2178 0x000000000309ab10 code [0x000000000309ace0, 0x000000000309b238]
Event: 10.757 Thread 0x00000000563ee000 2181       2       com.android.dx.rop.cst.CstLiteral32::<init> (10 bytes)
Event: 10.757 Thread 0x00000000563ee000 nmethod 2181 0x000000000309a7d0 code [0x000000000309a920, 0x000000000309aa70]
Event: 10.762 Thread 0x00000000563ee000 2182       2       com.android.dx.rop.cst.CstFloat::make (9 bytes)
Event: 10.763 Thread 0x00000000563ee000 nmethod 2182 0x000000000309a490 code [0x000000000309a5e0, 0x000000000309a750]
Event: 10.764 Thread 0x00000000563ee000 2183       2       com.android.dx.cf.code.BytecodeArray$ConstantParserVisitor::visitConstant (18 bytes)
Event: 10.764 Thread 0x00000000563ee000 nmethod 2183 0x000000000309a150 code [0x000000000309a2a0, 0x000000000309a410]

GC Heap History (10 events):
Event: 4.574 GC heap before
{Heap before GC invocations=2 (full 0):
 PSYoungGen      total 26112K, used 25179K [0x00000000eab00000, 0x00000000ede00000, 0x0000000100000000)
  eden space 22528K, 100% used [0x00000000eab00000,0x00000000ec100000,0x00000000ec100000)
  from space 3584K, 73% used [0x00000000ec100000,0x00000000ec396d40,0x00000000ec480000)
  to   space 3584K, 0% used [0x00000000eda80000,0x00000000eda80000,0x00000000ede00000)
 ParOldGen       total 60416K, used 0K [0x00000000c0000000, 0x00000000c3b00000, 0x00000000eab00000)
  object space 60416K, 0% used [0x00000000c0000000,0x00000000c0000000,0x00000000c3b00000)
 Metaspace       used 6081K, capacity 6962K, committed 7040K, reserved 1056768K
  class space    used 603K, capacity 618K, committed 640K, reserved 1048576K
Event: 4.604 GC heap after
Heap after GC invocations=2 (full 0):
 PSYoungGen      total 48640K, used 3573K [0x00000000eab00000, 0x00000000ede00000, 0x0000000100000000)
  eden space 45056K, 0% used [0x00000000eab00000,0x00000000eab00000,0x00000000ed700000)
  from space 3584K, 99% used [0x00000000eda80000,0x00000000eddfd6e8,0x00000000ede00000)
  to   space 3584K, 0% used [0x00000000ed700000,0x00000000ed700000,0x00000000eda80000)
 ParOldGen       total 60416K, used 2144K [0x00000000c0000000, 0x00000000c3b00000, 0x00000000eab00000)
  object space 60416K, 3% used [0x00000000c0000000,0x00000000c0218100,0x00000000c3b00000)
 Metaspace       used 6081K, capacity 6962K, committed 7040K, reserved 1056768K
  class space    used 603K, capacity 618K, committed 640K, reserved 1048576K
}
Event: 5.057 GC heap before
{Heap before GC invocations=3 (full 0):
 PSYoungGen      total 48640K, used 48629K [0x00000000eab00000, 0x00000000ede00000, 0x0000000100000000)
  eden space 45056K, 100% used [0x00000000eab00000,0x00000000ed700000,0x00000000ed700000)
  from space 3584K, 99% used [0x00000000eda80000,0x00000000eddfd6e8,0x00000000ede00000)
  to   space 3584K, 0% used [0x00000000ed700000,0x00000000ed700000,0x00000000eda80000)
 ParOldGen       total 60416K, used 2144K [0x00000000c0000000, 0x00000000c3b00000, 0x00000000eab00000)
  object space 60416K, 3% used [0x00000000c0000000,0x00000000c0218100,0x00000000c3b00000)
 Metaspace       used 6228K, capacity 7092K, committed 7296K, reserved 1056768K
  class space    used 605K, capacity 620K, committed 640K, reserved 1048576K
Event: 5.075 GC heap after
Heap after GC invocations=3 (full 0):
 PSYoungGen      total 48640K, used 3578K [0x00000000eab00000, 0x00000000f0a00000, 0x0000000100000000)
  eden space 45056K, 0% used [0x00000000eab00000,0x00000000eab00000,0x00000000ed700000)
  from space 3584K, 99% used [0x00000000ed700000,0x00000000eda7e8f8,0x00000000eda80000)
  to   space 3584K, 0% used [0x00000000f0680000,0x00000000f0680000,0x00000000f0a00000)
 ParOldGen       total 60416K, used 8157K [0x00000000c0000000, 0x00000000c3b00000, 0x00000000eab00000)
  object space 60416K, 13% used [0x00000000c0000000,0x00000000c07f77d8,0x00000000c3b00000)
 Metaspace       used 6228K, capacity 7092K, committed 7296K, reserved 1056768K
  class space    used 605K, capacity 620K, committed 640K, reserved 1048576K
}
Event: 5.380 GC heap before
{Heap before GC invocations=4 (full 0):
 PSYoungGen      total 48640K, used 48634K [0x00000000eab00000, 0x00000000f0a00000, 0x0000000100000000)
  eden space 45056K, 100% used [0x00000000eab00000,0x00000000ed700000,0x00000000ed700000)
  from space 3584K, 99% used [0x00000000ed700000,0x00000000eda7e8f8,0x00000000eda80000)
  to   space 3584K, 0% used [0x00000000f0680000,0x00000000f0680000,0x00000000f0a00000)
 ParOldGen       total 60416K, used 8157K [0x00000000c0000000, 0x00000000c3b00000, 0x00000000eab00000)
  object space 60416K, 13% used [0x00000000c0000000,0x00000000c07f77d8,0x00000000c3b00000)
 Metaspace       used 6285K, capacity 7092K, committed 7296K, reserved 1056768K
  class space    used 605K, capacity 620K, committed 640K, reserved 1048576K
Event: 5.428 GC heap after
Heap after GC invocations=4 (full 0):
 PSYoungGen      total 93696K, used 3568K [0x00000000eab00000, 0x00000000f0a00000, 0x0000000100000000)
  eden space 90112K, 0% used [0x00000000eab00000,0x00000000eab00000,0x00000000f0300000)
  from space 3584K, 99% used [0x00000000f0680000,0x00000000f09fc2c8,0x00000000f0a00000)
  to   space 3584K, 0% used [0x00000000f0300000,0x00000000f0300000,0x00000000f0680000)
 ParOldGen       total 60416K, used 14802K [0x00000000c0000000, 0x00000000c3b00000, 0x00000000eab00000)
  object space 60416K, 24% used [0x00000000c0000000,0x00000000c0e74b80,0x00000000c3b00000)
 Metaspace       used 6285K, capacity 7092K, committed 7296K, reserved 1056768K
  class space    used 605K, capacity 620K, committed 640K, reserved 1048576K
}
Event: 8.158 GC heap before
{Heap before GC invocations=5 (full 0):
 PSYoungGen      total 93696K, used 93680K [0x00000000eab00000, 0x00000000f0a00000, 0x0000000100000000)
  eden space 90112K, 100% used [0x00000000eab00000,0x00000000f0300000,0x00000000f0300000)
  from space 3584K, 99% used [0x00000000f0680000,0x00000000f09fc2c8,0x00000000f0a00000)
  to   space 3584K, 0% used [0x00000000f0300000,0x00000000f0300000,0x00000000f0680000)
 ParOldGen       total 60416K, used 14802K [0x00000000c0000000, 0x00000000c3b00000, 0x00000000eab00000)
  object space 60416K, 24% used [0x00000000c0000000,0x00000000c0e74b80,0x00000000c3b00000)
 Metaspace       used 6466K, capacity 7220K, committed 7296K, reserved 1056768K
  class space    used 605K, capacity 620K, committed 640K, reserved 1048576K
Event: 8.218 GC heap after
Heap after GC invocations=5 (full 0):
 PSYoungGen      total 93696K, used 3554K [0x00000000eab00000, 0x00000000f8100000, 0x0000000100000000)
  eden space 90112K, 0% used [0x00000000eab00000,0x00000000eab00000,0x00000000f0300000)
  from space 3584K, 99% used [0x00000000f0300000,0x00000000f0678970,0x00000000f0680000)
  to   space 19456K, 0% used [0x00000000f6e00000,0x00000000f6e00000,0x00000000f8100000)
 ParOldGen       total 60416K, used 29155K [0x00000000c0000000, 0x00000000c3b00000, 0x00000000eab00000)
  object space 60416K, 48% used [0x00000000c0000000,0x00000000c1c78f50,0x00000000c3b00000)
 Metaspace       used 6466K, capacity 7220K, committed 7296K, reserved 1056768K
  class space    used 605K, capacity 620K, committed 640K, reserved 1048576K
}
Event: 9.449 GC heap before
{Heap before GC invocations=6 (full 0):
 PSYoungGen      total 93696K, used 93666K [0x00000000eab00000, 0x00000000f8100000, 0x0000000100000000)
  eden space 90112K, 100% used [0x00000000eab00000,0x00000000f0300000,0x00000000f0300000)
  from space 3584K, 99% used [0x00000000f0300000,0x00000000f0678970,0x00000000f0680000)
  to   space 19456K, 0% used [0x00000000f6e00000,0x00000000f6e00000,0x00000000f8100000)
 ParOldGen       total 60416K, used 29155K [0x00000000c0000000, 0x00000000c3b00000, 0x00000000eab00000)
  object space 60416K, 48% used [0x00000000c0000000,0x00000000c1c78f50,0x00000000c3b00000)
 Metaspace       used 6572K, capacity 7256K, committed 7424K, reserved 1056768K
  class space    used 625K, capacity 656K, committed 768K, reserved 1048576K
Event: 9.527 GC heap after
Heap after GC invocations=6 (full 0):
 PSYoungGen      total 196096K, used 17854K [0x00000000eab00000, 0x00000000f8800000, 0x0000000100000000)
  eden space 176640K, 0% used [0x00000000eab00000,0x00000000eab00000,0x00000000f5780000)
  from space 19456K, 91% used [0x00000000f6e00000,0x00000000f7f6fa28,0x00000000f8100000)
  to   space 23040K, 0% used [0x00000000f5780000,0x00000000f5780000,0x00000000f6e00000)
 ParOldGen       total 60416K, used 29163K [0x00000000c0000000, 0x00000000c3b00000, 0x00000000eab00000)
  object space 60416K, 48% used [0x00000000c0000000,0x00000000c1c7af50,0x00000000c3b00000)
 Metaspace       used 6572K, capacity 7256K, committed 7424K, reserved 1056768K
  class space    used 625K, capacity 656K, committed 768K, reserved 1048576K
}

Deoptimization events (10 events):
Event: 9.062 Thread 0x00000000572f5800 Uncommon trap: reason=unstable_if action=reinterpret pc=0x0000000002b0df1c method=java.util.HashMap.putVal(ILjava/lang/Object;Ljava/lang/Object;ZZ)Ljava/lang/Object; @ 162
Event: 9.065 Thread 0x00000000572f5800 Uncommon trap: reason=unstable_if action=reinterpret pc=0x0000000002e077dc method=java.util.HashMap.getNode(ILjava/lang/Object;)Ljava/util/HashMap$Node; @ 84
Event: 9.346 Thread 0x00000000572f2800 Uncommon trap: reason=unstable_if action=reinterpret pc=0x0000000002ffde50 method=java.util.HashMap.putVal(ILjava/lang/Object;Ljava/lang/Object;ZZ)Ljava/lang/Object; @ 109
Event: 9.366 Thread 0x00000000572f5800 Uncommon trap: reason=null_check action=make_not_entrant pc=0x00000000030405e4 method=com.android.dx.cf.code.Ropper$CatchInfo.getSetup(Lcom/android/dx/rop/type/Type;)Lcom/android/dx/cf/code/Ropper$ExceptionHandlerSetup; @ 10
Event: 9.444 Thread 0x00000000572f4800 Uncommon trap: reason=unstable_if action=reinterpret pc=0x0000000002d201ac method=com.android.dx.util.IntList.binarysearch(I)I @ 105
Event: 9.676 Thread 0x00000000572f4800 Uncommon trap: reason=unstable_if action=reinterpret pc=0x0000000002d7fe70 method=com.android.dx.ssa.MoveParamCombiner$1.visitNonMoveInsn(Lcom/android/dx/ssa/NormalSsaInsn;)V @ 27
Event: 9.916 Thread 0x0000000056637800 Uncommon trap: reason=bimorphic action=maybe_recompile pc=0x0000000002ebf1c4 method=com.android.dx.ssa.LiteralOpUpgrader.tryReplacingWithConstant(Lcom/android/dx/ssa/NormalSsaInsn;)Z @ 62
Event: 9.925 Thread 0x0000000056637800 Uncommon trap: reason=bimorphic action=maybe_recompile pc=0x0000000002ebf1c4 method=com.android.dx.ssa.LiteralOpUpgrader.tryReplacingWithConstant(Lcom/android/dx/ssa/NormalSsaInsn;)Z @ 62
Event: 10.071 Thread 0x00000000572f2800 Uncommon trap: reason=unstable_if action=reinterpret pc=0x0000000002bbc96c method=com.android.dx.ssa.SsaMethod.getExitBlock()Lcom/android/dx/ssa/SsaBasicBlock; @ 4
Event: 10.072 Thread 0x00000000572f2800 Uncommon trap: reason=unstable_if action=reinterpret pc=0x0000000002ff31a4 method=com.android.dx.ssa.SsaMethod.getExitBlock()Lcom/android/dx/ssa/SsaBasicBlock; @ 4

Internal exceptions (9 events):
Event: 0.994 Thread 0x00000000024cf800 Exception <a 'java/lang/NoSuchMethodError': Method sun.misc.Unsafe.defineClass(Ljava/lang/String;[BII)Ljava/lang/Class; name or signature does not match> (0x00000000eab07cc0) thrown at [C:\re\workspace\8-2-build-windows-amd64-cygwin\jdk8u91\6644\hotspot\srCìyÌáÕÔ?
Event: 0.994 Thread 0x00000000024cf800 Exception <a 'java/lang/NoSuchMethodError': Method sun.misc.Unsafe.prefetchRead(Ljava/lang/Object;J)V name or signature does not match> (0x00000000eab07fa8) thrown at [C:\re\workspace\8-2-build-windows-amd64-cygwin\jdk8u91\6644\hotspot\src\share\vm\prims\jw≈çÔoÚ@
Event: 4.487 Thread 0x00000000572f4800 Implicit null exception at 0x0000000002af9312 to 0x0000000002af93c1
Event: 8.508 Thread 0x00000000572f5800 Implicit null exception at 0x0000000002e8286a to 0x0000000002e837f1
Event: 8.591 Thread 0x00000000572f5800 Implicit null exception at 0x0000000002e74902 to 0x0000000002e76249
Event: 9.063 Thread 0x00000000572f5800 Exception <a 'java/lang/ArrayIndexOutOfBoundsException': 18> (0x00000000ee667578) thrown at [C:\re\workspace\8-2-build-windows-amd64-cygwin\jdk8u91\6644\hotspot\src\share\vm\interpreter\interpreterRuntime.cpp, line 366]
Event: 9.064 Thread 0x00000000572f5800 Exception <a 'java/lang/ArrayIndexOutOfBoundsException': 145> (0x00000000ee6690f8) thrown at [C:\re\workspace\8-2-build-windows-amd64-cygwin\jdk8u91\6644\hotspot\src\share\vm\interpreter\interpreterRuntime.cpp, line 366]
Event: 9.064 Thread 0x00000000572f5800 Exception <a 'java/lang/ArrayIndexOutOfBoundsException'> (0x00000000ee66a3e0) thrown at [C:\re\workspace\8-2-build-windows-amd64-cygwin\jdk8u91\6644\hotspot\src\share\vm\runtime\sharedRuntime.cpp, line 605]
Event: 9.366 Thread 0x00000000572f5800 Implicit null exception at 0x000000000303c6a0 to 0x000000000304059d

Events (10 events):
Event: 10.071 Thread 0x00000000572f2800 Uncommon trap: trap_request=0xffffff65 fr.pc=0x0000000002bbc96c
Event: 10.071 Thread 0x00000000572f2800 DEOPT PACKING pc=0x0000000002bbc96c sp=0x0000000057e9ec30
Event: 10.071 Thread 0x00000000572f2800 DEOPT UNPACKING pc=0x00000000027e582a sp=0x0000000057e9eb98 mode 2
Event: 10.072 Thread 0x00000000572f2800 Uncommon trap: trap_request=0xffffff65 fr.pc=0x0000000002ff31a4
Event: 10.072 Thread 0x00000000572f2800 DEOPT PACKING pc=0x0000000002ff31a4 sp=0x0000000057e9ebf0
Event: 10.072 Thread 0x00000000572f2800 DEOPT UNPACKING pc=0x00000000027e582a sp=0x0000000057e9eb78 mode 2
Event: 10.158 Thread 0x00000000572f5800 DEOPT PACKING pc=0x000000000304d352 sp=0x00000000581cebe0
Event: 10.158 Thread 0x00000000572f5800 DEOPT UNPACKING pc=0x00000000027e747f sp=0x00000000581ce9c0 mode 0
Event: 10.623 Thread 0x00000000572f4800 DEOPT PACKING pc=0x0000000002df1840 sp=0x0000000057fde740
Event: 10.623 Thread 0x00000000572f4800 DEOPT UNPACKING pc=0x00000000027e747f sp=0x0000000057fde448 mode 0


Dynamic libraries:
0x000000013fb10000 - 0x000000013fb47000 	C:\Program Files\Java\jdk1.8.0_91\bin\java.exe
0x00000000777c0000 - 0x000000007796a000 	C:\Windows\SYSTEM32\ntdll.dll
0x00000000776a0000 - 0x00000000777bf000 	C:\Windows\system32\kernel32.dll
0x000007fefd850000 - 0x000007fefd8bb000 	C:\Windows\system32\KERNELBASE.dll
0x000007fefdd80000 - 0x000007fefde5b000 	C:\Windows\system32\ADVAPI32.dll
0x000007fefdc00000 - 0x000007fefdc9f000 	C:\Windows\system32\msvcrt.dll
0x000007fefdf60000 - 0x000007fefdf7f000 	C:\Windows\SYSTEM32\sechost.dll
0x000007fefdad0000 - 0x000007fefdbfd000 	C:\Windows\system32\RPCRT4.dll
0x00000000775a0000 - 0x000000007769a000 	C:\Windows\system32\USER32.dll
0x000007feff470000 - 0x000007feff4d7000 	C:\Windows\system32\GDI32.dll
0x000007fefe230000 - 0x000007fefe23e000 	C:\Windows\system32\LPK.dll
0x000007feff670000 - 0x000007feff73a000 	C:\Windows\system32\USP10.dll
0x000007fefbe60000 - 0x000007fefc054000 	C:\Windows\WinSxS\amd64_microsoft.windows.common-controls_6595b64144ccf1df_6.0.7601.18837_none_fa3b1e3d17594757\COMCTL32.dll
0x000007fefde60000 - 0x000007fefded1000 	C:\Windows\system32\SHLWAPI.dll
0x000007fefe200000 - 0x000007fefe22e000 	C:\Windows\system32\IMM32.DLL
0x000007feff110000 - 0x000007feff219000 	C:\Windows\system32\MSCTF.dll
0x00000000690b0000 - 0x0000000069182000 	C:\Program Files\Java\jdk1.8.0_91\jre\bin\msvcr100.dll
0x000000006c9c0000 - 0x000000006d253000 	C:\Program Files\Java\jdk1.8.0_91\jre\bin\server\jvm.dll
0x000007fef7960000 - 0x000007fef7969000 	C:\Windows\system32\WSOCK32.dll
0x000007feff950000 - 0x000007feff99d000 	C:\Windows\system32\WS2_32.dll
0x000007feff280000 - 0x000007feff288000 	C:\Windows\system32\NSI.dll
0x000007fefa0c0000 - 0x000007fefa0fb000 	C:\Windows\system32\WINMM.dll
0x000007fefc7d0000 - 0x000007fefc7dc000 	C:\Windows\system32\VERSION.dll
0x0000000077990000 - 0x0000000077997000 	C:\Windows\system32\PSAPI.DLL
0x0000000072cd0000 - 0x0000000072cdf000 	C:\Program Files\Java\jdk1.8.0_91\jre\bin\verify.dll
0x0000000072ca0000 - 0x0000000072cc9000 	C:\Program Files\Java\jdk1.8.0_91\jre\bin\java.dll
0x0000000072c60000 - 0x0000000072c76000 	C:\Program Files\Java\jdk1.8.0_91\jre\bin\zip.dll
0x000007fefe380000 - 0x000007feff109000 	C:\Windows\system32\SHELL32.dll
0x000007feff740000 - 0x000007feff943000 	C:\Windows\system32\ole32.dll
0x000007fefd6c0000 - 0x000007fefd6cf000 	C:\Windows\system32\profapi.dll
0x000007fef3940000 - 0x000007fef3a65000 	C:\Windows\system32\dbghelp.dll

VM Arguments:
jvm_args: -Djava.awt.headless=true -Xmx1024M -Dfile.encoding=GBK -Duser.country=CN -Duser.language=zh -Duser.variant 
java_command: com.android.dx.command.Main --dex --force-jumbo --num-threads=4 --multi-dex --output F:\AS\Project\yuanmu\app\build\intermediates\transforms\dex\debug\folders\1000\10\com.android.support-support-v4-24.0.0_9be5e53432751413226b627ff64f2e1a01d5bd4f F:\AS\Project\yuanmu\app\build\intermediates\exploded-aar\com.android.support\support-v4\24.0.0\jars\classes.jar
java_class_path (initial): F:\AS\sdk\build-tools\24.0.1\lib\dx.jar
Launcher Type: SUN_STANDARD

Environment Variables:
CLASSPATH=.;%JAVA_HOME%\lib;%JAVA_HOME%\lib\tools.jar
PATH=C:\ProgramData\Oracle\Java\javapath;C:\Windows\system32;C:\Windows;C:\Windows\System32\Wbem;C:\Windows\System32\WindowsPowerShell\v1.0\;F:\SVN\bin;F:\VisualSVN Server\bin
USERNAME=Administrator
OS=Windows_NT
PROCESSOR_IDENTIFIER=AMD64 Family 16 Model 5 Stepping 2, AuthenticAMD



---------------  S Y S T E M  ---------------

OS: Windows 7 , 64 bit Build 7601 (6.1.7601.19135)

CPU:total 4 (4 cores per cpu, 1 threads per core) family 16 model 5 stepping 2, cmov, cx8, fxsr, mmx, sse, sse2, sse3, popcnt, mmxext, 3dnowpref, lzcnt, sse4a, tsc, tscinvbit, tscinv

Memory: 4k page, physical 5764664k(1476284k free), swap 11527492k(7178200k free)

vm_info: Java HotSpot(TM) 64-Bit Server VM (25.91-b14) for windows-amd64 JRE (1.8.0_91-b14), built on Apr  1 2016 00:58:32 by "java_re" with MS VC++ 10.0 (VS2010)

time: Tue Sep 20 10:49:31 2016
elapsed time: 10 seconds (0d 0h 0m 10s)

